JANA >>OUTPUT_FILENAME: /volatile/halld/home/zhikun/ver05_lumi/Run110791/ps_110791_000.root
JANA >>Initializing plugin "/work/halld/home/zhikun/lumi_skim/lumi_skim.so" ...
Opened ROOT file "/volatile/halld/home/zhikun/ver05_lumi/Run110791/ps_110791_000.root" ...
 SASCHA -1
/volatile/halld/home/zhikun/ver05_lumi/Run110791/lumi_ps_110791_000.root
JANA >>Launching threads ....
JANA >>Opening source "/cache/halld/RunPeriod-2022-08/calib/ver01/PS/Run110791/hd_rawdata_110791_000.ps.evio" of type: EVIOpp  - Reads EVIO formatted data from file or ET system
loading VERSION 3


JANA >>Created JCalibration object of type: JCalibrationCCDB
JANA >>Generated via: JCalibration using CCDB for MySQL and SQLite databases
JANA >>Run:110791
JANA >>URL: mysql://ccdb_user@hallddb-farm.jlab.org/ccdb
JANA >>context: variation=default
JANA >>comment: Default constants for analyzing data
JANA >>Creating DGeometry:
JANA >>  Run requested:110791  found:110791
JANA >>  Run validity range: 110791-110791
JANA >>  URL="ccdb:///GEOMETRY/main_HDDS.xml"  context="default"
JANA >>  Type="JGeometryXML"
JANA >>Found 25 material maps in calib. DB
  2.0 events processed  (2.0 events read)  4.0Hz  (avg.: 0.0Hz)     JANA >>Read in 25 material maps for run 110791 containing 76153 grid points total
JANA >>Creating DTranslationTable for run 110791
JANA >>Reading translation table from calib DB: Translation/DAQ2detector ...
  2.0 events processed  (2.0 events read)  0.0Hz  (avg.: 0.0Hz)       2.0 events processed  (2.0 events read)  0.0Hz  (avg.: 0.0Hz)       2.0 events processed  (2.0 events read)  0.0Hz  (avg.: 0.0Hz)       2.0 events processed  (2.0 events read)  0.0Hz  (avg.: 0.0Hz)       2.0 events processed  (2.0 events read)  0.0Hz  (avg.: 0.0Hz)       2.0 events processed  (2.0 events read)  0.0Hz  (avg.: 0.0Hz)       2.0 events processed  (2.0 events read)  0.0Hz  (avg.: 0.0Hz)       2.0 events processed  (2.0 events read)  0.0Hz  (avg.: 0.0Hz)       2.0 events processed  (2.0 events read)  0.0Hz  (avg.: 0.0Hz)     JANA >>40636 channels defined in translation table
JANA >>In DPSHit_factory, loading constants...
JANA >>In DPSCHit_factory, loading constants...
JANA >>In DTAGHHit_factory, loading constants...
JANA >> Correct Beam Photon Energy (TAGH) = 11.555 (GeV)
JANA >>In DTAGMHit_factory_Calib, loading constants...
JANA >> Correct Beam Photon Energy (TAGM) = 11.555 (GeV)
JANA >>
JANA >> --- Configuration Parameters --
JANA >>[1m LUMI_PRIMEX:DIR                                                = /volatile/halld/home/zhikun/ver05_lumi/Run110791/lumi_ps_110791_000.root[0m
JANA >>[1m NTHREADS                                                       = 4                                                                       [0m
JANA >>[1m OUTPUT_FILENAME                                                = /volatile/halld/home/zhikun/ver05_lumi/Run110791/ps_110791_000.root     [0m
JANA >>[1m PLUGINS                                                        = lumi_skim                                                               [0m
JANA >>[1m[31m[1m[5m Run110791/hd_rawdata_110791_000.ps.evio:SKIP_F250_FORMAT_ERROR = 1                                                                        <-- NO DEFAULT! (TYPO?)[0m[0m
JANA >>[1m THREAD_TIMEOUT                                                 = 30 seconds                                                              [0m
JANA >> -------------------------------
  90.0 events processed  (100.0 events read)  176.0Hz  (avg.: 176.0Hz)     Error reading EVIO block header (at EOF - truncated?)
JANA >>
JANA >>No more event sources
JANA >>Thread 0x7f347daea640 completed gracefully: Fri Nov 22 20:23:19 2024
JANA >>
JANA >>No more event sources
JANA >>Thread 0x7f3470d8e640 completed gracefully: Fri Nov 22 20:23:19 2024
JANA >>
JANA >>No more event sources
JANA >>Thread 0x7f347d2e9640 completed gracefully: Fri Nov 22 20:23:19 2024
JANA >>
JANA >>No more event sources
JANA >>Thread 0x7f347cae8640 completed gracefully: Fri Nov 22 20:23:19 2024
JANA >>Merging thread 0 (0x7f347daea640) ...
JANA >>Merging thread 1 (0x7f3470d8e640) ...
JANA >>Merging thread 2 (0x7f347d2e9640) ...
JANA >>Merging thread 3 (0x7f347cae8640) ...

 EVIO Processing rate = 30.6366 Hz
  NDISPATCHER_STALLED =       6930 (92.7%)
      NPARSER_STALLED =      13639 (91.2%)
   NEVENTBUFF_STALLED =          3 ( 0.0%)

EVIO Statistics for /cache/halld/RunPeriod-2022-08/calib/ver01/PS/Run110791/hd_rawdata_110791_000.ps.evio :
------------------------
    Nblocks: 5
    Nevents: 229
    Nerrors: 0
Nbad_blocks: 0
Nbad_events: 0

JANA >>Merging event reader thread ...
JANA >> 229 events processed  (229 events read) Average rate: 227.0Hz

Closed ROOT file
JANA >>Closing shared object handle 0 ...
