JANA >>OUTPUT_FILENAME: /volatile/halld/home/somov/ver05_lumi/Run111535/ps_111535_084.root
JANA >>Initializing plugin "/work/halld3/home/somov/lumi_skim/Linux_Alma9-x86_64-gcc11.4.1/plugins/lumi_skim.so" ...
Opened ROOT file "/volatile/halld/home/somov/ver05_lumi/Run111535/ps_111535_084.root" ...
 SASCHA -1
/volatile/halld/home/somov/ver05_lumi/Run111535/lumi_ps_111535_084.root
JANA >>Launching threads ....
JANA >>Opening source "/cache/halld/RunPeriod-2022-08/recon/ver01/ps/111535/ps_111535_084.evio" of type: EVIOpp  - Reads EVIO formatted data from file or ET system
loading VERSION 3


JANA >>Created JCalibration object of type: JCalibrationCCDB
JANA >>Generated via: JCalibration using CCDB for MySQL and SQLite databases
JANA >>Run:111535
JANA >>URL: mysql://ccdb_user@hallddb-farm.jlab.org/ccdb
JANA >>context: variation=default
JANA >>comment: Default constants for analyzing data
JANA >>Creating DGeometry:
JANA >>  Run requested:111535  found:111535
JANA >>  Run validity range: 111535-111535
JANA >>  URL="ccdb:///GEOMETRY/main_HDDS.xml"  context="default"
JANA >>  Type="JGeometryXML"
JANA >>Found 25 material maps in calib. DB
  2.0 events processed  (2.0 events read)  4.0Hz  (avg.: 0.0Hz)     JANA >>Read in 25 material maps for run 111535 containing 76153 grid points total
JANA >>Creating DTranslationTable for run 111535
JANA >>Reading translation table from calib DB: Translation/DAQ2detector ...
  2.0 events processed  (2.0 events read)  0.0Hz  (avg.: 0.0Hz)       2.0 events processed  (2.0 events read)  0.0Hz  (avg.: 0.0Hz)       2.0 events processed  (2.0 events read)  0.0Hz  (avg.: 0.0Hz)       2.0 events processed  (2.0 events read)  0.0Hz  (avg.: 0.0Hz)       2.0 events processed  (2.0 events read)  0.0Hz  (avg.: 0.0Hz)       2.0 events processed  (2.0 events read)  0.0Hz  (avg.: 0.0Hz)     JANA >>40636 channels defined in translation table
JANA >>In DPSHit_factory, loading constants...
JANA >>In DPSCHit_factory, loading constants...
JANA >>In DTAGHHit_factory, loading constants...
JANA >> Correct Beam Photon Energy (TAGH) = 11.555 (GeV)
JANA >>In DTAGMHit_factory_Calib, loading constants...
JANA >> Correct Beam Photon Energy (TAGM) = 11.555 (GeV)
JANA >>
JANA >> --- Configuration Parameters --
JANA >>[1m LUMI_PRIMEX:DIR = /volatile/halld/home/somov/ver05_lumi/Run111535/lumi_ps_111535_084.root[0m
JANA >>[1m NTHREADS        = 4                                                                      [0m
JANA >>[1m OUTPUT_FILENAME = /volatile/halld/home/somov/ver05_lumi/Run111535/ps_111535_084.root     [0m
JANA >>[1m PLUGINS         = lumi_skim                                                              [0m
JANA >>[1m THREAD_TIMEOUT  = 30 seconds                                                             [0m
JANA >> -------------------------------
  529.0 events processed  (539.0 events read)  1054.0Hz  (avg.: 1054.0Hz)       1495.0 events processed  (1495.0 events read)  1.9kHz  (avg.: 1493.0Hz)       2.4k events processed  (2.4k events read)  1.9kHz  (avg.: 1.6kHz)       3.4k events processed  (3.4k events read)  1.9kHz  (avg.: 1.7kHz)       4.3k events processed  (4.3k events read)  1.9kHz  (avg.: 1.7kHz)       5.3k events processed  (5.3k events read)  1.9kHz  (avg.: 1.8kHz)       6.2k events processed  (6.2k events read)  1.9kHz  (avg.: 1.8kHz)       7.2k events processed  (7.2k events read)  1.9kHz  (avg.: 1.8kHz)       8.1k events processed  (8.1k events read)  1.9kHz  (avg.: 1.8kHz)       9.0k events processed  (9.0k events read)  1.9kHz  (avg.: 1.8kHz)       10.0k events processed  (10.0k events read)  1.9kHz  (avg.: 1.8kHz)       10.9k events processed  (10.9k events read)  1.9kHz  (avg.: 1.8kHz)       11.9k events processed  (11.9k events read)  1.9kHz  (avg.: 1.8kHz)     No more events
JANA >>
JANA >>
JANA >>
JANA >>No more event sources
JANA >>No more event sources
JANA >>No more event sources
JANA >>
JANA >>No more event sources
JANA >>Thread 0x7fb4a4e2b640 completed gracefully: Sat Nov 30 18:44:01 2024
JANA >>Thread 0x7fb4a5e2d640 completed gracefully: Sat Nov 30 18:44:01 2024
JANA >>Thread 0x7fb498d8e640 completed gracefully: Sat Nov 30 18:44:01 2024
JANA >>Thread 0x7fb4a562c640 completed gracefully: Sat Nov 30 18:44:01 2024
JANA >>Merging thread 0 (0x7fb4a4e2b640) ...
JANA >>Merging thread 1 (0x7fb4a5e2d640) ...
JANA >>Merging thread 2 (0x7fb498d8e640) ...
JANA >>Merging thread 3 (0x7fb4a562c640) ...

 EVIO Processing rate = 1086.47 Hz
  NDISPATCHER_STALLED =      10561 (94.6%)
      NPARSER_STALLED =       8965 (40.1%)
   NEVENTBUFF_STALLED =      11239 (100.6%)

EVIO Statistics for /cache/halld/RunPeriod-2022-08/recon/ver01/ps/111535/ps_111535_084.evio :
------------------------
    Nblocks: 526
    Nevents: 12134
    Nerrors: 0
Nbad_blocks: 0
Nbad_events: 0

JANA >>Merging event reader thread ...
JANA >> 12134 events processed  (12134 events read) Average rate: 1.7kHz

Closed ROOT file
JANA >>Closing shared object handle 0 ...
