JANA >>OUTPUT_FILENAME: /volatile/halld/home/zhikun/ver05_lumi/Run111009/ps_111009_115.root
JANA >>Initializing plugin "/work/halld/home/zhikun/lumi_skim/lumi_skim.so" ...
Opened ROOT file "/volatile/halld/home/zhikun/ver05_lumi/Run111009/ps_111009_115.root" ...
 SASCHA -1
/volatile/halld/home/zhikun/ver05_lumi/Run111009/lumi_ps_111009_115.root
JANA >>Launching threads ....
JANA >>Opening source "/cache/halld/RunPeriod-2022-08/calib/ver01/PS/Run111009/hd_rawdata_111009_115.ps.evio" of type: EVIOpp  - Reads EVIO formatted data from file or ET system
loading VERSION 3


JANA >>Created JCalibration object of type: JCalibrationCCDB
JANA >>Generated via: JCalibration using CCDB for MySQL and SQLite databases
JANA >>Run:111009
JANA >>URL: mysql://ccdb_user@hallddb-farm.jlab.org/ccdb
JANA >>context: variation=default
JANA >>comment: Default constants for analyzing data
JANA >>Creating DGeometry:
JANA >>  Run requested:111009  found:111009
JANA >>  Run validity range: 111009-111009
JANA >>  URL="ccdb:///GEOMETRY/main_HDDS.xml"  context="default"
JANA >>  Type="JGeometryXML"
JANA >>Found 25 material maps in calib. DB
  2.0 events processed  (2.0 events read)  4.0Hz  (avg.: 0.0Hz)     JANA >>Read in 25 material maps for run 111009 containing 76153 grid points total
JANA >>Creating DTranslationTable for run 111009
JANA >>Reading translation table from calib DB: Translation/DAQ2detector ...
  2.0 events processed  (2.0 events read)  0.0Hz  (avg.: 0.0Hz)       2.0 events processed  (2.0 events read)  0.0Hz  (avg.: 0.0Hz)       2.0 events processed  (2.0 events read)  0.0Hz  (avg.: 0.0Hz)       2.0 events processed  (2.0 events read)  0.0Hz  (avg.: 0.0Hz)       2.0 events processed  (2.0 events read)  0.0Hz  (avg.: 0.0Hz)       2.0 events processed  (2.0 events read)  0.0Hz  (avg.: 0.0Hz)     JANA >>40636 channels defined in translation table
JANA >>In DPSHit_factory, loading constants...
JANA >>In DPSCHit_factory, loading constants...
JANA >>In DTAGHHit_factory, loading constants...
JANA >> Correct Beam Photon Energy (TAGH) = 11.555 (GeV)
JANA >>In DTAGMHit_factory_Calib, loading constants...
  2.0 events processed  (2.0 events read)  0.0Hz  (avg.: 0.0Hz)       2.0 events processed  (2.0 events read)  0.0Hz  (avg.: 0.0Hz)       2.0 events processed  (2.0 events read)  0.0Hz  (avg.: 0.0Hz)       2.0 events processed  (2.0 events read)  0.0Hz  (avg.: 0.0Hz)       2.0 events processed  (2.0 events read)  0.0Hz  (avg.: 0.0Hz)       2.0 events processed  (2.0 events read)  0.0Hz  (avg.: 0.0Hz)       2.0 events processed  (2.0 events read)  0.0Hz  (avg.: 0.0Hz)       2.0 events processed  (2.0 events read)  0.0Hz  (avg.: 0.0Hz)     JANA >> Correct Beam Photon Energy (TAGM) = 11.555 (GeV)
JANA >>
JANA >> --- Configuration Parameters --
JANA >>[1m LUMI_PRIMEX:DIR                                                = /volatile/halld/home/zhikun/ver05_lumi/Run111009/lumi_ps_111009_115.root[0m
JANA >>[1m NTHREADS                                                       = 4                                                                       [0m
JANA >>[1m OUTPUT_FILENAME                                                = /volatile/halld/home/zhikun/ver05_lumi/Run111009/ps_111009_115.root     [0m
JANA >>[1m PLUGINS                                                        = lumi_skim                                                               [0m
JANA >>[1m[31m[1m[5m Run111009/hd_rawdata_111009_115.ps.evio:SKIP_F250_FORMAT_ERROR = 1                                                                        <-- NO DEFAULT! (TYPO?)[0m[0m
JANA >>[1m THREAD_TIMEOUT                                                 = 30 seconds                                                              [0m
JANA >> -------------------------------
  301.0 events processed  (311.0 events read)  598.0Hz  (avg.: 598.0Hz)       1355.0 events processed  (1355.0 events read)  2.1kHz  (avg.: 1353.0Hz)       2.3k events processed  (2.3k events read)  1.9kHz  (avg.: 1.5kHz)     No more events
JANA >>
JANA >>
JANA >>No more event sources
JANA >>
JANA >>No more event sources
JANA >>No more event sources
JANA >>
JANA >>No more event sources
JANA >>Thread 0x7febc7fff640 completed gracefully: Mon Nov 25 21:38:36 2024
JANA >>Thread 0x7febd976e640 completed gracefully: Mon Nov 25 21:38:36 2024
JANA >>Thread 0x7febd8f6d640 completed gracefully: Mon Nov 25 21:38:36 2024
JANA >>Thread 0x7febccd8e640 completed gracefully: Mon Nov 25 21:38:36 2024
JANA >>Merging thread 0 (0x7febc7fff640) ...
JANA >>Merging thread 1 (0x7febd976e640) ...
JANA >>Merging thread 2 (0x7febd8f6d640) ...
JANA >>Merging thread 3 (0x7febccd8e640) ...

 EVIO Processing rate = 298.211 Hz
  NDISPATCHER_STALLED =       9777 (94.5%)
      NPARSER_STALLED =      16453 (79.5%)
   NEVENTBUFF_STALLED =       2537 (24.5%)

EVIO Statistics for /cache/halld/RunPeriod-2022-08/calib/ver01/PS/Run111009/hd_rawdata_111009_115.ps.evio :
------------------------
    Nblocks: 33
    Nevents: 3084
    Nerrors: 0
Nbad_blocks: 0
Nbad_events: 0

JANA >>Merging event reader thread ...
JANA >> 3084 events processed  (3084 events read) Average rate: 1.5kHz

Closed ROOT file
JANA >>Closing shared object handle 0 ...
