JANA >>OUTPUT_FILENAME: /volatile/halld/home/somov/ver05_lumi/Run110694/ps_110694_133.root
JANA >>Initializing plugin "/work/halld3/home/somov/lumi_skim/Linux_Alma9-x86_64-gcc11.4.1/plugins/lumi_skim.so" ...
Opened ROOT file "/volatile/halld/home/somov/ver05_lumi/Run110694/ps_110694_133.root" ...
 SASCHA -1
/volatile/halld/home/somov/ver05_lumi/Run110694/lumi_ps_110694_133.root
JANA >>Launching threads ....
JANA >>Opening source "/cache/halld/RunPeriod-2022-08/recon/ver01/ps/110694/ps_110694_133.evio" of type: EVIOpp  - Reads EVIO formatted data from file or ET system
loading VERSION 3


JANA >>Created JCalibration object of type: JCalibrationCCDB
JANA >>Generated via: JCalibration using CCDB for MySQL and SQLite databases
JANA >>Run:110694
JANA >>URL: mysql://ccdb_user@hallddb-farm.jlab.org/ccdb
JANA >>context: variation=default
JANA >>comment: Default constants for analyzing data
  2.0 events processed  (2.0 events read)  4.0Hz  (avg.: 0.0Hz)     JANA >>Creating DGeometry:
JANA >>  Run requested:110694  found:110694
JANA >>  Run validity range: 110694-110694
JANA >>  URL="ccdb:///GEOMETRY/main_HDDS.xml"  context="default"
JANA >>  Type="JGeometryXML"
JANA >>Found 25 material maps in calib. DB
  2.0 events processed  (2.0 events read)  0.0Hz  (avg.: 0.0Hz)     JANA >>Read in 25 material maps for run 110694 containing 76153 grid points total
JANA >>Creating DTranslationTable for run 110694
JANA >>Reading translation table from calib DB: Translation/DAQ2detector ...
  2.0 events processed  (2.0 events read)  0.0Hz  (avg.: 0.0Hz)       2.0 events processed  (2.0 events read)  0.0Hz  (avg.: 0.0Hz)       2.0 events processed  (2.0 events read)  0.0Hz  (avg.: 0.0Hz)       2.0 events processed  (2.0 events read)  0.0Hz  (avg.: 0.0Hz)     JANA >>40636 channels defined in translation table
JANA >>In DPSHit_factory, loading constants...
JANA >>In DPSCHit_factory, loading constants...
JANA >>In DTAGHHit_factory, loading constants...
  2.0 events processed  (2.0 events read)  0.0Hz  (avg.: 0.0Hz)     JANA >> Correct Beam Photon Energy (TAGH) = 11.555 (GeV)
JANA >>In DTAGMHit_factory_Calib, loading constants...
JANA >> Correct Beam Photon Energy (TAGM) = 11.555 (GeV)
JANA >>
JANA >> --- Configuration Parameters --
JANA >>[1m LUMI_PRIMEX:DIR = /volatile/halld/home/somov/ver05_lumi/Run110694/lumi_ps_110694_133.root[0m
JANA >>[1m NTHREADS        = 4                                                                      [0m
JANA >>[1m OUTPUT_FILENAME = /volatile/halld/home/somov/ver05_lumi/Run110694/ps_110694_133.root     [0m
JANA >>[1m PLUGINS         = lumi_skim                                                              [0m
JANA >>[1m THREAD_TIMEOUT  = 30 seconds                                                             [0m
JANA >> -------------------------------
  593.0 events processed  (599.0 events read)  1182.0Hz  (avg.: 1182.0Hz)       1339.0 events processed  (1339.0 events read)  1492.0Hz  (avg.: 1337.0Hz)       2.0k events processed  (2.0k events read)  1402.0Hz  (avg.: 1358.7Hz)       2.8k events processed  (2.8k events read)  1446.0Hz  (avg.: 1380.5Hz)       3.5k events processed  (3.5k events read)  1448.0Hz  (avg.: 1394.0Hz)       4.2k events processed  (4.2k events read)  1442.0Hz  (avg.: 1402.0Hz)       4.9k events processed  (4.9k events read)  1458.0Hz  (avg.: 1410.0Hz)       5.7k events processed  (5.7k events read)  1454.0Hz  (avg.: 1415.5Hz)       6.4k events processed  (6.4k events read)  1458.0Hz  (avg.: 1420.2Hz)     No more events
JANA >>
JANA >>No more event sources
JANA >>
JANA >>No more event sources
JANA >>
JANA >>No more event sources
JANA >>
JANA >>No more event sources
JANA >>Thread 0x7feda8ab2640 completed gracefully: Wed Jan  8 16:05:23 2025
JANA >>Thread 0x7fedaa2b5640 completed gracefully: Wed Jan  8 16:05:23 2025
JANA >>Thread 0x7feda9ab4640 completed gracefully: Wed Jan  8 16:05:23 2025
JANA >>Thread 0x7feda92b3640 completed gracefully: Wed Jan  8 16:05:23 2025
JANA >>Merging thread 0 (0x7feda8ab2640) ...
JANA >>Merging thread 1 (0x7fedaa2b5640) ...
JANA >>Merging thread 2 (0x7feda9ab4640) ...
JANA >>Merging thread 3 (0x7feda92b3640) ...

 EVIO Processing rate = 736.951 Hz
  NDISPATCHER_STALLED =       6494 (73.3%)
      NPARSER_STALLED =       5872 (33.1%)
   NEVENTBUFF_STALLED =       5191 (58.6%)

EVIO Statistics for /cache/halld/RunPeriod-2022-08/recon/ver01/ps/110694/ps_110694_133.evio :
------------------------
    Nblocks: 315
    Nevents: 6530
    Nerrors: 0
Nbad_blocks: 0
Nbad_events: 0

JANA >>Merging event reader thread ...
JANA >> 6530 events processed  (6530 events read) Average rate: 1305.6Hz

Closed ROOT file
JANA >>Closing shared object handle 0 ...
