JANA >>OUTPUT_FILENAME: /volatile/halld/home/zhikun/ver05_lumi/Run110874/ps_110874_001.root
JANA >>Initializing plugin "/work/halld/home/zhikun/lumi_skim/lumi_skim.so" ...
Opened ROOT file "/volatile/halld/home/zhikun/ver05_lumi/Run110874/ps_110874_001.root" ...
 SASCHA -1
/volatile/halld/home/zhikun/ver05_lumi/Run110874/lumi_ps_110874_001.root
JANA >>Launching threads ....
JANA >>Opening source "/cache/halld/RunPeriod-2022-08/calib/ver01/PS/Run110874/hd_rawdata_110874_001.ps.evio" of type: EVIOpp  - Reads EVIO formatted data from file or ET system
loading VERSION 3


JANA >>Created JCalibration object of type: JCalibrationCCDB
JANA >>Generated via: JCalibration using CCDB for MySQL and SQLite databases
JANA >>Run:110874
JANA >>URL: mysql://ccdb_user@hallddb-farm.jlab.org/ccdb
JANA >>context: variation=default
JANA >>comment: Default constants for analyzing data
  2.0 events processed  (2.0 events read)  4.0Hz  (avg.: 0.0Hz)     JANA >>Creating DGeometry:
JANA >>  Run requested:110874  found:110874
JANA >>  Run validity range: 110874-110874
JANA >>  URL="ccdb:///GEOMETRY/main_HDDS.xml"  context="default"
JANA >>  Type="JGeometryXML"
JANA >>Found 25 material maps in calib. DB
  2.0 events processed  (2.0 events read)  0.0Hz  (avg.: 0.0Hz)     JANA >>Read in 25 material maps for run 110874 containing 76153 grid points total
JANA >>Creating DTranslationTable for run 110874
JANA >>Reading translation table from calib DB: Translation/DAQ2detector ...
  2.0 events processed  (2.0 events read)  0.0Hz  (avg.: 0.0Hz)       2.0 events processed  (2.0 events read)  0.0Hz  (avg.: 0.0Hz)     JANA >>40636 channels defined in translation table
JANA >>In DPSHit_factory, loading constants...
JANA >>In DPSCHit_factory, loading constants...
JANA >>In DTAGHHit_factory, loading constants...
JANA >> Correct Beam Photon Energy (TAGH) = 11.555 (GeV)
JANA >>In DTAGMHit_factory_Calib, loading constants...
JANA >> Correct Beam Photon Energy (TAGM) = 11.555 (GeV)
JANA >>
JANA >> --- Configuration Parameters --
JANA >>[1m LUMI_PRIMEX:DIR                                                = /volatile/halld/home/zhikun/ver05_lumi/Run110874/lumi_ps_110874_001.root[0m
JANA >>[1m NTHREADS                                                       = 4                                                                       [0m
JANA >>[1m OUTPUT_FILENAME                                                = /volatile/halld/home/zhikun/ver05_lumi/Run110874/ps_110874_001.root     [0m
JANA >>[1m PLUGINS                                                        = lumi_skim                                                               [0m
JANA >>[1m[31m[1m[5m Run110874/hd_rawdata_110874_001.ps.evio:SKIP_F250_FORMAT_ERROR = 1                                                                        <-- NO DEFAULT! (TYPO?)[0m[0m
JANA >>[1m THREAD_TIMEOUT                                                 = 30 seconds                                                              [0m
JANA >> -------------------------------
  58.0 events processed  (68.0 events read)  112.0Hz  (avg.: 112.0Hz)       1068.0 events processed  (1069.0 events read)  2.0kHz  (avg.: 1066.0Hz)       2.0k events processed  (2.0k events read)  1.8kHz  (avg.: 1325.3Hz)       2.9k events processed  (2.9k events read)  1.8kHz  (avg.: 1436.0Hz)       3.8k events processed  (3.8k events read)  1.8kHz  (avg.: 1.5kHz)       4.7k events processed  (4.7k events read)  1.8kHz  (avg.: 1.6kHz)       5.6k events processed  (5.6k events read)  1.8kHz  (avg.: 1.6kHz)       6.5k events processed  (6.5k events read)  1.8kHz  (avg.: 1.6kHz)       7.4k events processed  (7.4k events read)  1.8kHz  (avg.: 1.6kHz)     JANA >> WARNING Df250EmulatorAlgorithm_v3::EmulateFirmware No Df250BORConfig == Using default values  
  8.3k events processed  (8.3k events read)  1.8kHz  (avg.: 1.7kHz)       9.1k events processed  (9.1k events read)  1.7kHz  (avg.: 1.7kHz)     