JANA >>OUTPUT_FILENAME: /volatile/halld/home/zhikun/ver05_lumi/Run111830/ps_111830_120.root
JANA >>Initializing plugin "/work/halld/home/zhikun/lumi_skim/lumi_skim.so" ...
Opened ROOT file "/volatile/halld/home/zhikun/ver05_lumi/Run111830/ps_111830_120.root" ...
 SASCHA -1
/volatile/halld/home/zhikun/ver05_lumi/Run111830/lumi_ps_111830_120.root
JANA >>Launching threads ....
JANA >>Opening source "/cache/halld/RunPeriod-2022-08/calib/ver01/PS/Run111830/hd_rawdata_111830_120.ps.evio" of type: EVIOpp  - Reads EVIO formatted data from file or ET system
loading VERSION 3


JANA >>Created JCalibration object of type: JCalibrationCCDB
JANA >>Generated via: JCalibration using CCDB for MySQL and SQLite databases
JANA >>Run:111830
JANA >>URL: mysql://ccdb_user@hallddb-farm.jlab.org/ccdb
JANA >>context: variation=default
JANA >>comment: Default constants for analyzing data
JANA >>Creating DGeometry:
JANA >>  Run requested:111830  found:111830
JANA >>  Run validity range: 111830-111830
JANA >>  URL="ccdb:///GEOMETRY/main_HDDS.xml"  context="default"
JANA >>  Type="JGeometryXML"
JANA >>Found 25 material maps in calib. DB
  2.0 events processed  (2.0 events read)  4.0Hz  (avg.: 0.0Hz)     JANA >>Read in 25 material maps for run 111830 containing 76153 grid points total
JANA >>Creating DTranslationTable for run 111830
JANA >>Reading translation table from calib DB: Translation/DAQ2detector ...
  2.0 events processed  (2.0 events read)  0.0Hz  (avg.: 0.0Hz)       2.0 events processed  (2.0 events read)  0.0Hz  (avg.: 0.0Hz)       2.0 events processed  (2.0 events read)  0.0Hz  (avg.: 0.0Hz)       2.0 events processed  (2.0 events read)  0.0Hz  (avg.: 0.0Hz)       2.0 events processed  (2.0 events read)  0.0Hz  (avg.: 0.0Hz)       2.0 events processed  (2.0 events read)  0.0Hz  (avg.: 0.0Hz)     JANA >>40636 channels defined in translation table
JANA >>In DPSHit_factory, loading constants...
JANA >>In DPSCHit_factory, loading constants...
JANA >>In DTAGHHit_factory, loading constants...
JANA >> Correct Beam Photon Energy (TAGH) = 11.555 (GeV)
JANA >>In DTAGMHit_factory_Calib, loading constants...
JANA >> Correct Beam Photon Energy (TAGM) = 11.555 (GeV)
JANA >>
JANA >> --- Configuration Parameters --
JANA >>[1m LUMI_PRIMEX:DIR                                                = /volatile/halld/home/zhikun/ver05_lumi/Run111830/lumi_ps_111830_120.root[0m
JANA >>[1m NTHREADS                                                       = 4                                                                       [0m
JANA >>[1m OUTPUT_FILENAME                                                = /volatile/halld/home/zhikun/ver05_lumi/Run111830/ps_111830_120.root     [0m
JANA >>[1m PLUGINS                                                        = lumi_skim                                                               [0m
JANA >>[1m[31m[1m[5m Run111830/hd_rawdata_111830_120.ps.evio:SKIP_F250_FORMAT_ERROR = 1                                                                        <-- NO DEFAULT! (TYPO?)[0m[0m
JANA >>[1m THREAD_TIMEOUT                                                 = 30 seconds                                                              [0m
JANA >> -------------------------------
  186.0 events processed  (196.0 events read)  368.0Hz  (avg.: 368.0Hz)       1255.0 events processed  (1255.0 events read)  2.1kHz  (avg.: 1253.0Hz)       2.2k events processed  (2.2k events read)  1.9kHz  (avg.: 1452.0Hz)       3.1k events processed  (3.1k events read)  1.9kHz  (avg.: 1.6kHz)       4.1k events processed  (4.1k events read)  1.9kHz  (avg.: 1.6kHz)       5.0k events processed  (5.0k events read)  1.9kHz  (avg.: 1.7kHz)     No more events
JANA >>
JANA >>No more event sources
JANA >>
JANA >>
JANA >>No more event sources
JANA >>No more event sources
JANA >>
JANA >>No more event sources
JANA >>Thread 0x7f798a6ea640 completed gracefully: Mon Dec  2 20:40:58 2024
JANA >>Thread 0x7f7989ee9640 completed gracefully: Mon Dec  2 20:40:58 2024
JANA >>Thread 0x7f79896e8640 completed gracefully: Mon Dec  2 20:40:58 2024
JANA >>Thread 0x7f7988ee7640 completed gracefully: Mon Dec  2 20:40:58 2024
JANA >>Merging thread 0 (0x7f798a6ea640) ...
JANA >>Merging thread 1 (0x7f7989ee9640) ...
JANA >>Merging thread 2 (0x7f79896e8640) ...
JANA >>Merging thread 3 (0x7f7988ee7640) ...

 EVIO Processing rate = 686.196 Hz
  NDISPATCHER_STALLED =       7975 (94.2%)
      NPARSER_STALLED =      10198 (60.2%)
   NEVENTBUFF_STALLED =       5095 (60.2%)

EVIO Statistics for /cache/halld/RunPeriod-2022-08/calib/ver01/PS/Run111830/hd_rawdata_111830_120.ps.evio :
------------------------
    Nblocks: 62
    Nevents: 5811
    Nerrors: 0
Nbad_blocks: 0
Nbad_events: 0

JANA >>Merging event reader thread ...
JANA >> 5811 events processed  (5811 events read) Average rate: 1.7kHz

Closed ROOT file
JANA >>Closing shared object handle 0 ...
