JANA >>OUTPUT_FILENAME: /volatile/halld/home/zhikun/ver05_lumi/Run111389/ps_111389_078.root
JANA >>Initializing plugin "/work/halld/home/zhikun/lumi_skim/lumi_skim.so" ...
Opened ROOT file "/volatile/halld/home/zhikun/ver05_lumi/Run111389/ps_111389_078.root" ...
 SASCHA -1
/volatile/halld/home/zhikun/ver05_lumi/Run111389/lumi_ps_111389_078.root
JANA >>Launching threads ....
  0.0 events processed  (0.0 events read)  0.0Hz  (avg.: 0.0Hz)     JANA >>Opening source "/cache/halld/RunPeriod-2022-08/calib/ver01/PS/Run111389/hd_rawdata_111389_078.ps.evio" of type: EVIOpp  - Reads EVIO formatted data from file or ET system
loading VERSION 3


JANA >>Created JCalibration object of type: JCalibrationCCDB
JANA >>Generated via: JCalibration using CCDB for MySQL and SQLite databases
JANA >>Run:111389
JANA >>URL: mysql://ccdb_user@hallddb-farm.jlab.org/ccdb
JANA >>context: variation=default
JANA >>comment: Default constants for analyzing data
  2.0 events processed  (2.0 events read)  4.0Hz  (avg.: 0.0Hz)     JANA >>Creating DGeometry:
JANA >>  Run requested:111389  found:111389
JANA >>  Run validity range: 111389-111389
JANA >>  URL="ccdb:///GEOMETRY/main_HDDS.xml"  context="default"
JANA >>  Type="JGeometryXML"
JANA >>Found 25 material maps in calib. DB
  2.0 events processed  (2.0 events read)  0.0Hz  (avg.: 0.0Hz)     JANA >>Read in 25 material maps for run 111389 containing 76153 grid points total
JANA >>Creating DTranslationTable for run 111389
JANA >>Reading translation table from calib DB: Translation/DAQ2detector ...
  2.0 events processed  (2.0 events read)  0.0Hz  (avg.: 0.0Hz)       2.0 events processed  (2.0 events read)  0.0Hz  (avg.: 0.0Hz)       2.0 events processed  (2.0 events read)  0.0Hz  (avg.: 0.0Hz)       2.0 events processed  (2.0 events read)  0.0Hz  (avg.: 0.0Hz)       2.0 events processed  (2.0 events read)  0.0Hz  (avg.: 0.0Hz)     JANA >>40636 channels defined in translation table
JANA >>In DPSHit_factory, loading constants...
JANA >>In DPSCHit_factory, loading constants...
JANA >>In DTAGHHit_factory, loading constants...
  2.0 events processed  (2.0 events read)  0.0Hz  (avg.: 0.0Hz)     JANA >> Correct Beam Photon Energy (TAGH) = 11.555 (GeV)
JANA >>In DTAGMHit_factory_Calib, loading constants...
JANA >> Correct Beam Photon Energy (TAGM) = 11.555 (GeV)
JANA >>
JANA >> --- Configuration Parameters --
JANA >>[1m LUMI_PRIMEX:DIR                                                = /volatile/halld/home/zhikun/ver05_lumi/Run111389/lumi_ps_111389_078.root[0m
JANA >>[1m NTHREADS                                                       = 4                                                                       [0m
JANA >>[1m OUTPUT_FILENAME                                                = /volatile/halld/home/zhikun/ver05_lumi/Run111389/ps_111389_078.root     [0m
JANA >>[1m PLUGINS                                                        = lumi_skim                                                               [0m
JANA >>[1m[31m[1m[5m Run111389/hd_rawdata_111389_078.ps.evio:SKIP_F250_FORMAT_ERROR = 1                                                                        <-- NO DEFAULT! (TYPO?)[0m[0m
JANA >>[1m THREAD_TIMEOUT                                                 = 30 seconds                                                              [0m
JANA >> -------------------------------
  165.0 events processed  (175.0 events read)  326.0Hz  (avg.: 326.0Hz)       859.0 events processed  (859.0 events read)  1388.0Hz  (avg.: 857.0Hz)       1453.0 events processed  (1453.0 events read)  1188.0Hz  (avg.: 967.3Hz)       2.1k events processed  (2.1k events read)  1196.0Hz  (avg.: 1024.5Hz)       2.6k events processed  (2.6k events read)  1184.0Hz  (avg.: 1056.4Hz)     No more events
JANA >>
JANA >>No more event sources
JANA >>
JANA >>No more event sources
JANA >>
JANA >>No more event sources
JANA >>
JANA >>No more event sources
JANA >>Thread 0x7f0b5bfff640 completed gracefully: Thu Nov 28 17:32:22 2024
JANA >>Thread 0x7f0b6cd75640 completed gracefully: Thu Nov 28 17:32:22 2024
JANA >>Thread 0x7f0b60d8e640 completed gracefully: Thu Nov 28 17:32:22 2024
JANA >>Thread 0x7f0b6d576640 completed gracefully: Thu Nov 28 17:32:22 2024
JANA >>Merging thread 0 (0x7f0b5bfff640) ...
JANA >>Merging thread 1 (0x7f0b6cd75640) ...
JANA >>Merging thread 2 (0x7f0b60d8e640) ...
JANA >>Merging thread 3 (0x7f0b6d576640) ...

 EVIO Processing rate = 350.509 Hz
  NDISPATCHER_STALLED =       5004 (61.5%)
      NPARSER_STALLED =       5845 (35.9%)
   NEVENTBUFF_STALLED =       1790 (22.0%)

EVIO Statistics for /cache/halld/RunPeriod-2022-08/calib/ver01/PS/Run111389/hd_rawdata_111389_078.ps.evio :
------------------------
    Nblocks: 31
    Nevents: 2854
    Nerrors: 0
Nbad_blocks: 0
Nbad_events: 0

JANA >>Merging event reader thread ...
JANA >> 2854 events processed  (2854 events read) Average rate: 950.7Hz

Closed ROOT file
JANA >>Closing shared object handle 0 ...
