JANA >>OUTPUT_FILENAME: /volatile/halld/home/somov/ver05_lumi/Run111167/ps_111167_110.root
JANA >>Initializing plugin "/work/halld3/home/somov/lumi_skim/Linux_Alma9-x86_64-gcc11.4.1/plugins/lumi_skim.so" ...
Opened ROOT file "/volatile/halld/home/somov/ver05_lumi/Run111167/ps_111167_110.root" ...
 SASCHA -1
/volatile/halld/home/somov/ver05_lumi/Run111167/lumi_ps_111167_110.root
JANA >>Launching threads ....
JANA >>Opening source "/cache/halld/RunPeriod-2022-08/recon/ver01/ps/111167/ps_111167_110.evio" of type: EVIOpp  - Reads EVIO formatted data from file or ET system
loading VERSION 3


JANA >>Created JCalibration object of type: JCalibrationCCDB
JANA >>Generated via: JCalibration using CCDB for MySQL and SQLite databases
JANA >>Run:111167
JANA >>URL: mysql://ccdb_user@hallddb-farm.jlab.org/ccdb
JANA >>context: variation=default
JANA >>comment: Default constants for analyzing data
JANA >>Creating DGeometry:
JANA >>  Run requested:111167  found:111167
JANA >>  Run validity range: 111167-111167
JANA >>  URL="ccdb:///GEOMETRY/main_HDDS.xml"  context="default"
JANA >>  Type="JGeometryXML"
JANA >>Found 25 material maps in calib. DB
  1.0 events processed  (1.0 events read)  2.0Hz  (avg.: 0.0Hz)     JANA >>Read in 25 material maps for run 111167 containing 76153 grid points total
JANA >>Creating DTranslationTable for run 111167
JANA >>Reading translation table from calib DB: Translation/DAQ2detector ...
  1.0 events processed  (1.0 events read)  0.0Hz  (avg.: 0.0Hz)       1.0 events processed  (1.0 events read)  0.0Hz  (avg.: 0.0Hz)     JANA >>40636 channels defined in translation table
JANA >>In DPSHit_factory, loading constants...
JANA >>In DPSCHit_factory, loading constants...
JANA >>In DTAGHHit_factory, loading constants...
JANA >> Correct Beam Photon Energy (TAGH) = 11.555 (GeV)
JANA >>In DTAGMHit_factory_Calib, loading constants...
JANA >> Correct Beam Photon Energy (TAGM) = 11.555 (GeV)
JANA >>
JANA >> --- Configuration Parameters --
JANA >>[1m LUMI_PRIMEX:DIR = /volatile/halld/home/somov/ver05_lumi/Run111167/lumi_ps_111167_110.root[0m
JANA >>[1m NTHREADS        = 4                                                                      [0m
JANA >>[1m OUTPUT_FILENAME = /volatile/halld/home/somov/ver05_lumi/Run111167/ps_111167_110.root     [0m
JANA >>[1m PLUGINS         = lumi_skim                                                              [0m
JANA >>[1m THREAD_TIMEOUT  = 30 seconds                                                             [0m
JANA >> -------------------------------
  17.0 events processed  (27.0 events read)  32.0Hz  (avg.: 32.0Hz)       935.0 events processed  (935.0 events read)  1.8kHz  (avg.: 934.0Hz)       1.9k events processed  (1.9k events read)  1.9kHz  (avg.: 1240.0Hz)       2.7k events processed  (2.7k events read)  1.7kHz  (avg.: 1359.0Hz)     JANA >> WARNING Df250EmulatorAlgorithm_v3::EmulateFirmware No Df250BORConfig == Using default values  
  3.6k events processed  (3.6k events read)  1.8kHz  (avg.: 1455.2Hz)       4.5k events processed  (4.5k events read)  1.8kHz  (avg.: 1.5kHz)       5.4k events processed  (5.4k events read)  1.8kHz  (avg.: 1.6kHz)       6.3k events processed  (6.3k events read)  1.8kHz  (avg.: 1.6kHz)     JANA >> WARNING Df250EmulatorAlgorithm_v3::EmulateFirmware No Df250BORConfig == Using default values  
JANA >> WARNING Df250EmulatorAlgorithm_v3::EmulateFirmware No Df250BORConfig == Using default values  
  7.2k events processed  (7.2k events read)  1.8kHz  (avg.: 1.6kHz)       8.1k events processed  (8.1k events read)  1.8kHz  (avg.: 1.6kHz)       9.1k events processed  (9.1k events read)  1.8kHz  (avg.: 1.6kHz)       10.0k events processed  (10.0k events read)  1.8kHz  (avg.: 1.7kHz)       10.9k events processed  (10.9k events read)  1.8kHz  (avg.: 1.7kHz)       11.8k events processed  (11.8k events read)  1.8kHz  (avg.: 1.7kHz)     No more events
JANA >>
JANA >>
JANA >>No more event sources
JANA >>No more event sources
JANA >>
JANA >>No more event sources
JANA >>Thread 0x7f2ada9e9640 completed gracefully: Wed Nov 27 14:17:02 2024
JANA >>Thread 0x7f2ada1e8640 completed gracefully: Wed Nov 27 14:17:02 2024
JANA >>Thread 0x7f2ad99e7640 completed gracefully: Wed Nov 27 14:17:02 2024
JANA >>
JANA >>No more event sources
JANA >>Thread 0x7f2adb1ea640 completed gracefully: Wed Nov 27 14:17:02 2024
JANA >>Merging thread 0 (0x7f2ada9e9640) ...
JANA >>Merging thread 1 (0x7f2ada1e8640) ...
JANA >>Merging thread 2 (0x7f2ad99e7640) ...
JANA >>Merging thread 3 (0x7f2adb1ea640) ...

 EVIO Processing rate = 1259.96 Hz
  NDISPATCHER_STALLED =       9408 (93.7%)
      NPARSER_STALLED =       5859 (29.2%)
   NEVENTBUFF_STALLED =      12963 (129.1%)

EVIO Statistics for /cache/halld/RunPeriod-2022-08/recon/ver01/ps/111167/ps_111167_110.evio :
------------------------
    Nblocks: 512
    Nevents: 12652
    Nerrors: 0
Nbad_blocks: 0
Nbad_events: 0

JANA >>Merging event reader thread ...
JANA >> 12652 events processed  (12652 events read) Average rate: 1.7kHz

Closed ROOT file
JANA >>Closing shared object handle 0 ...
