JANA >>OUTPUT_FILENAME: /volatile/halld/home/zhikun/ver05_lumi/Run111142/ps_111142_132.root
JANA >>Initializing plugin "/work/halld/home/zhikun/lumi_skim/lumi_skim.so" ...
Opened ROOT file "/volatile/halld/home/zhikun/ver05_lumi/Run111142/ps_111142_132.root" ...
 SASCHA -1
/volatile/halld/home/zhikun/ver05_lumi/Run111142/lumi_ps_111142_132.root
JANA >>Launching threads ....
JANA >>Opening source "/cache/halld/RunPeriod-2022-08/calib/ver01/PS/Run111142/hd_rawdata_111142_132.ps.evio" of type: EVIOpp  - Reads EVIO formatted data from file or ET system
loading VERSION 3


JANA >>Created JCalibration object of type: JCalibrationCCDB
JANA >>Generated via: JCalibration using CCDB for MySQL and SQLite databases
JANA >>Run:111142
JANA >>URL: mysql://ccdb_user@hallddb-farm.jlab.org/ccdb
JANA >>context: variation=default
JANA >>comment: Default constants for analyzing data
  2.0 events processed  (2.0 events read)  4.0Hz  (avg.: 0.0Hz)     JANA >>Creating DGeometry:
JANA >>  Run requested:111142  found:111142
JANA >>  Run validity range: 111142-111142
JANA >>  URL="ccdb:///GEOMETRY/main_HDDS.xml"  context="default"
JANA >>  Type="JGeometryXML"
JANA >>Found 25 material maps in calib. DB
  2.0 events processed  (2.0 events read)  0.0Hz  (avg.: 0.0Hz)     JANA >>Read in 25 material maps for run 111142 containing 76153 grid points total
JANA >>Creating DTranslationTable for run 111142
JANA >>Reading translation table from calib DB: Translation/DAQ2detector ...
  2.0 events processed  (2.0 events read)  0.0Hz  (avg.: 0.0Hz)       2.0 events processed  (2.0 events read)  0.0Hz  (avg.: 0.0Hz)     JANA >>40636 channels defined in translation table
JANA >>In DPSHit_factory, loading constants...
JANA >>In DPSCHit_factory, loading constants...
JANA >>In DTAGHHit_factory, loading constants...
JANA >> Correct Beam Photon Energy (TAGH) = 11.555 (GeV)
JANA >>In DTAGMHit_factory_Calib, loading constants...
JANA >> Correct Beam Photon Energy (TAGM) = 11.555 (GeV)
JANA >>
JANA >> --- Configuration Parameters --
JANA >>[1m LUMI_PRIMEX:DIR                                                = /volatile/halld/home/zhikun/ver05_lumi/Run111142/lumi_ps_111142_132.root[0m
JANA >>[1m NTHREADS                                                       = 4                                                                       [0m
JANA >>[1m OUTPUT_FILENAME                                                = /volatile/halld/home/zhikun/ver05_lumi/Run111142/ps_111142_132.root     [0m
JANA >>[1m PLUGINS                                                        = lumi_skim                                                               [0m
JANA >>[1m[31m[1m[5m Run111142/hd_rawdata_111142_132.ps.evio:SKIP_F250_FORMAT_ERROR = 1                                                                        <-- NO DEFAULT! (TYPO?)[0m[0m
JANA >>[1m THREAD_TIMEOUT                                                 = 30 seconds                                                              [0m
JANA >> -------------------------------
  221.0 events processed  (231.0 events read)  438.0Hz  (avg.: 438.0Hz)       1288.0 events processed  (1288.0 events read)  2.1kHz  (avg.: 1286.0Hz)       2.2k events processed  (2.2k events read)  1.8kHz  (avg.: 1465.3Hz)       3.1k events processed  (3.1k events read)  1.9kHz  (avg.: 1.6kHz)       4.1k events processed  (4.1k events read)  1.9kHz  (avg.: 1.6kHz)       5.0k events processed  (5.0k events read)  1.9kHz  (avg.: 1.7kHz)       5.9k events processed  (5.9k events read)  1.9kHz  (avg.: 1.7kHz)       6.9k events processed  (6.9k events read)  1.9kHz  (avg.: 1.7kHz)       7.8k events processed  (7.8k events read)  1.9kHz  (avg.: 1.7kHz)       8.7k events processed  (8.7k events read)  1.9kHz  (avg.: 1.7kHz)       9.7k events processed  (9.7k events read)  1.9kHz  (avg.: 1.8kHz)       10.6k events processed  (10.6k events read)  1.9kHz  (avg.: 1.8kHz)       11.5k events processed  (11.5k events read)  1.9kHz  (avg.: 1.8kHz)       12.5k events processed  (12.5k events read)  1.9kHz  (avg.: 1.8kHz)     No more events
JANA >>
JANA >>
JANA >>No more event sources
JANA >>No more event sources
JANA >>
JANA >>No more event sources
JANA >>
JANA >>No more event sources
JANA >>Thread 0x7fe71d11e640 completed gracefully: Wed Nov 27 14:39:56 2024
JANA >>Thread 0x7fe71e120640 completed gracefully: Wed Nov 27 14:39:56 2024
JANA >>Thread 0x7fe71c91d640 completed gracefully: Wed Nov 27 14:39:56 2024
JANA >>Thread 0x7fe71d91f640 completed gracefully: Wed Nov 27 14:39:56 2024
JANA >>Merging thread 0 (0x7fe71d11e640) ...
JANA >>Merging thread 1 (0x7fe71e120640) ...
JANA >>Merging thread 2 (0x7fe71c91d640) ...
JANA >>Merging thread 3 (0x7fe71d91f640) ...

 EVIO Processing rate = 1320.23 Hz
  NDISPATCHER_STALLED =       9256 (93.5%)
      NPARSER_STALLED =       5517 (27.9%)
   NEVENTBUFF_STALLED =      11889 (120.1%)

EVIO Statistics for /cache/halld/RunPeriod-2022-08/calib/ver01/PS/Run111142/hd_rawdata_111142_132.ps.evio :
------------------------
    Nblocks: 139
    Nevents: 13064
    Nerrors: 0
Nbad_blocks: 0
Nbad_events: 0

JANA >>Merging event reader thread ...
JANA >> 13064 events processed  (13064 events read) Average rate: 1.7kHz

Closed ROOT file
JANA >>Closing shared object handle 0 ...
