110737    002  
110743    028  
110746    003  
110771    014  
110772    021  
110773    017  
110774    052  
110788    078  
110795    074  
110800    122  
110801    113  
110802    064  
110808    005  
110810    022  
110812    075  
110814    056  
110815    119  
110820    018  045  
110822    022  080  
110829    015  024  
110830    004  
110846    036  
110852    017  083  
110853    017  074  
110854    026  
110855    011  
110856    033  
110858    015  
110865    061  066  
110867    023  
110868    010  
110869    029  
110874    044  062  
110875    046  
110877    023  
110878    030  
110905    007  
110907    008  
110919    011  
110923    010  
110931    002  055  
110937    002  
110942    108  
110943    059  111  
110944    036  
110946    068  
110951    014  015  
110953    057  
110954    051  060  
110955    092  102  
110958    038  
110959    120  
110961    030  113  
110965    106  
110966    029  
110968    020  
110971    028  034  
110972    050  074  085  
110993    001  
110999    057  
111003    039  
111005    006  
111006    004  
111007    092  102  
111009    050  055  086  
111018    033  
111019    015  
111022    006  
111024    034  
111025    016  
111030    015  
111031    014  
111048    088  122  
111054    038  
111055    039  
111062    061  
111063    028  
111064    011  028  
111068    015  
111070    012  
111078    007  098  
111082    038  
111083    023  
111093    018  
111099    028  
111101    016  
111112    012  037  
111114    000  
111120    008  
111124    075  111  
111128    032  
111131    015  
111132    048  
111133    081  
111134    009  
111135    090  
111136    028  103  
111140    016  
111145    043  
111146    066  
111148    095  096  
111150    028  
111151    022  092  
111153    059  
111156    065  
111158    069  
111163    059  084  
111164    019  
111165    039  
111171    072  
111172    070  071  
111173    036  
111178    000  
111184    008  
111187    008  017  
111188    015  
111210    017  
111217    033  
111222    037  
111232    101  
111234    030  
111235    011  
111237    097  
111238    045  
111239    013  066  
111243    011  
111257    088  
111259    040  
111260    044  
111267    036  
111268    078  081  
111269    097  
111272    007  
111275    002  
111282    119  
111283    013  
111285    020  089  
111287    005  
111291    041  
111292    020  
111294    037  042  044  
111298    027  
111300    037  
111305    015  
111330    052  
111332    084  
111335    053  078  
111338    069  
111342    006  017  048  
111345    063  
111350    031  
111353    021  059  090  
111356    014  019  062  088  
111358    070  
111359    005  
111360    014  048  
111361    011  033  
111366    011  055  
111367    088  
111369    103  
111370    091  092  
111372    050  
111375    013  056  
111378    058  
111381    018  
111382    053  
111391    031  041  
111393    029  
111396    024  
111410    009  
111419    034  
111433    007  
111437    007  
111438    032  
111443    012  
111446    006  026  
111460    124  
111461    085  
111475    086  
111478    006  114  
111480    026  
111489    032  044  
111492    081  
111496    027  
111497    010  
111498    063  
111501    105  
111504    067  
111508    033  
111510    049  
111512    070  
111513    051  125  
111514    030  
111528    018  
111529    033  
111530    017  057  
111535    055  
111539    018  093  
111541    006  040  
111548    011  
111553    022  026  
111554    009  
111558    031  
111559    007  
111562    031  
111565    009  
111569    001  003  005  
111570    021  
111573    021  
111575    064  
111576    003  
111580    018  
111581    074  
111582    005  
111584    097  114  
111585    131  
111586    112  
111587    072  
111588    068  
111590    063  
111592    024  
111594    064  
111595    044  
111602    012  
111603    047  
111606    045  
111607    015  
111611    094  112  
111617    114  
111618    059  
111624    137  
111625    064  
111628    024  
111640    067  113  
111643    080  081  
111653    002  
111656    015  
111663    015  023  
111665    037  
111666    016  
111687    011  
111700    023  
111712    004  068  
111715    048  
111723    046  105  
111728    040  
111731    028  
111740    038  
111746    036  
111749    101  
111752    043  
111756    070  
111759    094  116  
111763    065  
111772    049  064  
111775    117  
111777    009  
111778    089  
111781    039  076  077  081  
111785    077  107  
111789    007  
111790    045  070  
111792    015  
111794    004  
111795    014  033  
111801    022  
111803    011  
111804    008  010  018  023  
111805    003  
111820    106  
111821    064  
111822    004  
111824    016  057  
111831    096  097  
111838    086  
111850    067  
111856    047  
111857    047  
111859    096  
111860    106  
111863    092  
111865    017  063  081  
111866    017  041  
111867    002  072  112  
111869    093  
111872    005  
111873    068  095  098  
111880    025  
111883    083  
111884    005  
111885    014  068  
111889    003  012  
111896    014  
111908    020  
111910    000  014  
111913    014  017  
111915    020  
111917    035  
111924    017  028  
111927    039  056  
111928    009  021  
111933    000  004  
111936    002  
111944    007  
111950    011  025  
111960    004  
111962    002  
111965    021  
111971    076  
111972    032  061  118  
111974    027  
111976    010  
111977    090  
111978    020  055  121  
111984    016  
111986    055  
111987    044  
111988    054  078  117  
111989    040  
111993    000  
111997    035  096  128  
111998    033  079  
111999    086  
