JANA >>OUTPUT_FILENAME: /volatile/halld/home/zhikun/ver05_lumi/Run110872/ps_110872_056.root
JANA >>Initializing plugin "/work/halld/home/zhikun/lumi_skim/lumi_skim.so" ...
Opened ROOT file "/volatile/halld/home/zhikun/ver05_lumi/Run110872/ps_110872_056.root" ...
 SASCHA -1
/volatile/halld/home/zhikun/ver05_lumi/Run110872/lumi_ps_110872_056.root
JANA >>Launching threads ....
JANA >>Opening source "/cache/halld/RunPeriod-2022-08/calib/ver01/PS/Run110872/hd_rawdata_110872_056.ps.evio" of type: EVIOpp  - Reads EVIO formatted data from file or ET system
loading VERSION 3
  0.0 events processed  (0.0 events read)  0.0Hz  (avg.: 0.0Hz)     

JANA >>Created JCalibration object of type: JCalibrationCCDB
JANA >>Generated via: JCalibration using CCDB for MySQL and SQLite databases
JANA >>Run:110872
JANA >>URL: mysql://ccdb_user@hallddb-farm.jlab.org/ccdb
JANA >>context: variation=default
JANA >>comment: Default constants for analyzing data
JANA >>Creating DGeometry:
JANA >>  Run requested:110872  found:110872
JANA >>  Run validity range: 110872-110872
JANA >>  URL="ccdb:///GEOMETRY/main_HDDS.xml"  context="default"
JANA >>  Type="JGeometryXML"
JANA >>Found 25 material maps in calib. DB
  2.0 events processed  (2.0 events read)  4.0Hz  (avg.: 0.0Hz)     JANA >>Read in 25 material maps for run 110872 containing 76153 grid points total
JANA >>Creating DTranslationTable for run 110872
JANA >>Reading translation table from calib DB: Translation/DAQ2detector ...
  2.0 events processed  (2.0 events read)  0.0Hz  (avg.: 0.0Hz)       2.0 events processed  (2.0 events read)  0.0Hz  (avg.: 0.0Hz)       2.0 events processed  (2.0 events read)  0.0Hz  (avg.: 0.0Hz)       2.0 events processed  (2.0 events read)  0.0Hz  (avg.: 0.0Hz)     JANA >>40636 channels defined in translation table
JANA >>In DPSHit_factory, loading constants...
JANA >>In DPSCHit_factory, loading constants...
JANA >>In DTAGHHit_factory, loading constants...
JANA >> Correct Beam Photon Energy (TAGH) = 11.555 (GeV)
JANA >>In DTAGMHit_factory_Calib, loading constants...
JANA >> Correct Beam Photon Energy (TAGM) = 11.555 (GeV)
JANA >>
JANA >> --- Configuration Parameters --
JANA >>[1m LUMI_PRIMEX:DIR                                                = /volatile/halld/home/zhikun/ver05_lumi/Run110872/lumi_ps_110872_056.root[0m
JANA >>[1m NTHREADS                                                       = 4                                                                       [0m
JANA >>[1m OUTPUT_FILENAME                                                = /volatile/halld/home/zhikun/ver05_lumi/Run110872/ps_110872_056.root     [0m
JANA >>[1m PLUGINS                                                        = lumi_skim                                                               [0m
JANA >>[1m[31m[1m[5m Run110872/hd_rawdata_110872_056.ps.evio:SKIP_F250_FORMAT_ERROR = 1                                                                        <-- NO DEFAULT! (TYPO?)[0m[0m
JANA >>[1m THREAD_TIMEOUT                                                 = 30 seconds                                                              [0m
JANA >> -------------------------------
  511.0 events processed  (521.0 events read)  1018.0Hz  (avg.: 1018.0Hz)       1472.0 events processed  (1472.0 events read)  1.9kHz  (avg.: 1470.0Hz)       2.4k events processed  (2.4k events read)  1.9kHz  (avg.: 1.6kHz)       3.4k events processed  (3.4k events read)  1.9kHz  (avg.: 1.7kHz)     JANA >> WARNING Df250EmulatorAlgorithm_v3::EmulateFirmware No Df250BORConfig == Using default values  
  4.3k events processed  (4.3k events read)  1.9kHz  (avg.: 1.7kHz)       5.2k events processed  (5.2k events read)  1.9kHz  (avg.: 1.7kHz)       6.2k events processed  (6.2k events read)  1.9kHz  (avg.: 1.8kHz)       7.1k events processed  (7.1k events read)  1.9kHz  (avg.: 1.8kHz)       8.1k events processed  (8.1k events read)  1.9kHz  (avg.: 1.8kHz)       9.0k events processed  (9.0k events read)  1.9kHz  (avg.: 1.8kHz)       10.0k events processed  (10.0k events read)  1.9kHz  (avg.: 1.8kHz)       10.9k events processed  (10.9k events read)  1.9kHz  (avg.: 1.8kHz)       11.9k events processed  (11.9k events read)  1.9kHz  (avg.: 1.8kHz)       12.8k events processed  (12.8k events read)  1.9kHz  (avg.: 1.8kHz)       13.8k events processed  (13.8k events read)  1.9kHz  (avg.: 1.8kHz)     