JANA >>OUTPUT_FILENAME: /volatile/halld/home/zhikun/ver05_lumi/Run111532/ps_111532_066.root
JANA >>Initializing plugin "/work/halld/home/zhikun/lumi_skim/lumi_skim.so" ...
Opened ROOT file "/volatile/halld/home/zhikun/ver05_lumi/Run111532/ps_111532_066.root" ...
 SASCHA -1
/volatile/halld/home/zhikun/ver05_lumi/Run111532/lumi_ps_111532_066.root
JANA >>Launching threads ....
JANA >>Opening source "/cache/halld/RunPeriod-2022-08/calib/ver01/PS/Run111532/hd_rawdata_111532_066.ps.evio" of type: EVIOpp  - Reads EVIO formatted data from file or ET system
loading VERSION 3


JANA >>Created JCalibration object of type: JCalibrationCCDB
JANA >>Generated via: JCalibration using CCDB for MySQL and SQLite databases
JANA >>Run:111532
JANA >>URL: mysql://ccdb_user@hallddb-farm.jlab.org/ccdb
JANA >>context: variation=default
JANA >>comment: Default constants for analyzing data
JANA >>Creating DGeometry:
JANA >>  Run requested:111532  found:111532
JANA >>  Run validity range: 111532-111532
JANA >>  URL="ccdb:///GEOMETRY/main_HDDS.xml"  context="default"
JANA >>  Type="JGeometryXML"
JANA >>Found 25 material maps in calib. DB
  2.0 events processed  (2.0 events read)  4.0Hz  (avg.: 0.0Hz)     JANA >>Read in 25 material maps for run 111532 containing 76153 grid points total
JANA >>Creating DTranslationTable for run 111532
JANA >>Reading translation table from calib DB: Translation/DAQ2detector ...
  2.0 events processed  (2.0 events read)  0.0Hz  (avg.: 0.0Hz)       2.0 events processed  (2.0 events read)  0.0Hz  (avg.: 0.0Hz)       2.0 events processed  (2.0 events read)  0.0Hz  (avg.: 0.0Hz)       2.0 events processed  (2.0 events read)  0.0Hz  (avg.: 0.0Hz)       2.0 events processed  (2.0 events read)  0.0Hz  (avg.: 0.0Hz)       2.0 events processed  (2.0 events read)  0.0Hz  (avg.: 0.0Hz)       2.0 events processed  (2.0 events read)  0.0Hz  (avg.: 0.0Hz)       2.0 events processed  (2.0 events read)  0.0Hz  (avg.: 0.0Hz)       2.0 events processed  (2.0 events read)  0.0Hz  (avg.: 0.0Hz)       2.0 events processed  (2.0 events read)  0.0Hz  (avg.: 0.0Hz)     JANA >>40636 channels defined in translation table
JANA >>In DPSHit_factory, loading constants...
JANA >>In DPSCHit_factory, loading constants...
JANA >>In DTAGHHit_factory, loading constants...
JANA >> Correct Beam Photon Energy (TAGH) = 11.555 (GeV)
JANA >>In DTAGMHit_factory_Calib, loading constants...
JANA >> Correct Beam Photon Energy (TAGM) = 11.555 (GeV)
JANA >>
JANA >> --- Configuration Parameters --
JANA >>[1m LUMI_PRIMEX:DIR                                                = /volatile/halld/home/zhikun/ver05_lumi/Run111532/lumi_ps_111532_066.root[0m
JANA >>[1m NTHREADS                                                       = 4                                                                       [0m
JANA >>[1m OUTPUT_FILENAME                                                = /volatile/halld/home/zhikun/ver05_lumi/Run111532/ps_111532_066.root     [0m
JANA >>[1m PLUGINS                                                        = lumi_skim                                                               [0m
JANA >>[1m[31m[1m[5m Run111532/hd_rawdata_111532_066.ps.evio:SKIP_F250_FORMAT_ERROR = 1                                                                        <-- NO DEFAULT! (TYPO?)[0m[0m
JANA >>[1m THREAD_TIMEOUT                                                 = 30 seconds                                                              [0m
JANA >> -------------------------------
No more events
JANA >>
JANA >>No more event sources
JANA >>Thread 0x7f2ec6833640 completed gracefully: Sat Nov 30 19:07:51 2024
JANA >>
JANA >>No more event sources
JANA >>Thread 0x7f2ec5030640 completed gracefully: Sat Nov 30 19:07:51 2024
JANA >>
JANA >>No more event sources
JANA >>Thread 0x7f2ec5831640 completed gracefully: Sat Nov 30 19:07:51 2024
JANA >>
JANA >>No more event sources
JANA >>Thread 0x7f2ec6032640 completed gracefully: Sat Nov 30 19:07:51 2024
JANA >>Merging thread 0 (0x7f2ec6833640) ...
JANA >>Merging thread 1 (0x7f2ec5030640) ...
JANA >>Merging thread 2 (0x7f2ec5831640) ...
JANA >>Merging thread 3 (0x7f2ec6032640) ...

 EVIO Processing rate = 53.518 Hz
  NDISPATCHER_STALLED =       6547 (93.2%)
      NPARSER_STALLED =      12725 (90.6%)
   NEVENTBUFF_STALLED =          5 ( 0.1%)

EVIO Statistics for /cache/halld/RunPeriod-2022-08/calib/ver01/PS/Run111532/hd_rawdata_111532_066.ps.evio :
------------------------
    Nblocks: 7
    Nevents: 376
    Nerrors: 0
Nbad_blocks: 0
Nbad_events: 0

JANA >>Merging event reader thread ...
JANA >> 376 events processed  (376 events read) Average rate: 748.0Hz

Closed ROOT file
JANA >>Closing shared object handle 0 ...
