JANA >>OUTPUT_FILENAME: /volatile/halld/home/zhikun/ver05_lumi/Run110690/ps_110690_052.root
JANA >>Initializing plugin "/work/halld/home/zhikun/lumi_skim/lumi_skim.so" ...
Opened ROOT file "/volatile/halld/home/zhikun/ver05_lumi/Run110690/ps_110690_052.root" ...
 SASCHA -1
/volatile/halld/home/zhikun/ver05_lumi/Run110690/lumi_ps_110690_052.root
JANA >>Launching threads ....
JANA >>Opening source "/cache/halld/RunPeriod-2022-08/calib/ver01/PS/Run110690/hd_rawdata_110690_052.ps.evio" of type: EVIOpp  - Reads EVIO formatted data from file or ET system
loading VERSION 3


JANA >>Created JCalibration object of type: JCalibrationCCDB
JANA >>Generated via: JCalibration using CCDB for MySQL and SQLite databases
JANA >>Run:110690
JANA >>URL: mysql://ccdb_user@hallddb-farm.jlab.org/ccdb
JANA >>context: variation=default
JANA >>comment: Default constants for analyzing data
  3.0 events processed  (3.0 events read)  6.0Hz  (avg.: 0.0Hz)     JANA >>Creating DGeometry:
JANA >>  Run requested:110690  found:110690
JANA >>  Run validity range: 110690-110690
JANA >>  URL="ccdb:///GEOMETRY/main_HDDS.xml"  context="default"
JANA >>  Type="JGeometryXML"
JANA >>Found 25 material maps in calib. DB
  3.0 events processed  (3.0 events read)  0.0Hz  (avg.: 0.0Hz)     