JANA >>OUTPUT_FILENAME: /volatile/halld/home/somov/ver05_lumi/Run111616/ps_111616_100.root
JANA >>Initializing plugin "/work/halld3/home/somov/lumi_skim/Linux_Alma9-x86_64-gcc11.4.1/plugins/lumi_skim.so" ...
Opened ROOT file "/volatile/halld/home/somov/ver05_lumi/Run111616/ps_111616_100.root" ...
 SASCHA -1
/volatile/halld/home/somov/ver05_lumi/Run111616/lumi_ps_111616_100.root
JANA >>Launching threads ....
  0.0 events processed  (0.0 events read)  0.0Hz  (avg.: 0.0Hz)     JANA >>Opening source "/cache/halld/RunPeriod-2022-08/recon/ver01/ps/111616/ps_111616_100.evio" of type: EVIOpp  - Reads EVIO formatted data from file or ET system
loading VERSION 3


JANA >>Created JCalibration object of type: JCalibrationCCDB
JANA >>Generated via: JCalibration using CCDB for MySQL and SQLite databases
JANA >>Run:111616
JANA >>URL: mysql://ccdb_user@hallddb-farm.jlab.org/ccdb
JANA >>context: variation=default
JANA >>comment: Default constants for analyzing data
JANA >>Creating DGeometry:
JANA >>  Run requested:111616  found:111616
JANA >>  Run validity range: 111616-111616
JANA >>  URL="ccdb:///GEOMETRY/main_HDDS.xml"  context="default"
JANA >>  Type="JGeometryXML"
JANA >>Found 25 material maps in calib. DB
  2.0 events processed  (2.0 events read)  4.0Hz  (avg.: 0.0Hz)     JANA >>Read in 25 material maps for run 111616 containing 76153 grid points total
JANA >>Creating DTranslationTable for run 111616
JANA >>Reading translation table from calib DB: Translation/DAQ2detector ...
  2.0 events processed  (2.0 events read)  0.0Hz  (avg.: 0.0Hz)       2.0 events processed  (2.0 events read)  0.0Hz  (avg.: 0.0Hz)       2.0 events processed  (2.0 events read)  0.0Hz  (avg.: 0.0Hz)       2.0 events processed  (2.0 events read)  0.0Hz  (avg.: 0.0Hz)     JANA >>40636 channels defined in translation table
JANA >>In DPSHit_factory, loading constants...
JANA >>In DPSCHit_factory, loading constants...
JANA >>In DTAGHHit_factory, loading constants...
JANA >> Correct Beam Photon Energy (TAGH) = 11.555 (GeV)
JANA >>In DTAGMHit_factory_Calib, loading constants...
  2.0 events processed  (2.0 events read)  0.0Hz  (avg.: 0.0Hz)     JANA >> Correct Beam Photon Energy (TAGM) = 11.555 (GeV)
JANA >>
JANA >> --- Configuration Parameters --
JANA >>[1m LUMI_PRIMEX:DIR = /volatile/halld/home/somov/ver05_lumi/Run111616/lumi_ps_111616_100.root[0m
JANA >>[1m NTHREADS        = 4                                                                      [0m
JANA >>[1m OUTPUT_FILENAME = /volatile/halld/home/somov/ver05_lumi/Run111616/ps_111616_100.root     [0m
JANA >>[1m PLUGINS         = lumi_skim                                                              [0m
JANA >>[1m THREAD_TIMEOUT  = 30 seconds                                                             [0m
JANA >> -------------------------------
JANA >> WARNING Df250EmulatorAlgorithm_v3::EmulateFirmware No Df250BORConfig == Using default values  
  995.0 events processed  (995.0 events read)  2.0kHz  (avg.: 2.0kHz)       1.9k events processed  (1.9k events read)  1.9kHz  (avg.: 1.9kHz)       2.9k events processed  (2.9k events read)  1.9kHz  (avg.: 1.9kHz)       3.8k events processed  (3.8k events read)  1.9kHz  (avg.: 1.9kHz)       4.8k events processed  (4.8k events read)  1.9kHz  (avg.: 1.9kHz)       5.7k events processed  (5.7k events read)  1.9kHz  (avg.: 1.9kHz)       6.7k events processed  (6.7k events read)  1.9kHz  (avg.: 1.9kHz)       7.6k events processed  (7.6k events read)  1.9kHz  (avg.: 1.9kHz)       8.5k events processed  (8.5k events read)  1.9kHz  (avg.: 1.9kHz)       9.5k events processed  (9.5k events read)  1.9kHz  (avg.: 1.9kHz)       10.4k events processed  (10.4k events read)  1.9kHz  (avg.: 1.9kHz)       11.4k events processed  (11.4k events read)  1.9kHz  (avg.: 1.9kHz)       12.3k events processed  (12.3k events read)  1.9kHz  (avg.: 1.9kHz)     No more events
JANA >>
JANA >>No more event sources
JANA >>
JANA >>No more event sources
JANA >>
JANA >>
JANA >>No more event sources
JANA >>No more event sources
JANA >>Thread 0x7ff985ce7640 completed gracefully: Sun Dec  1 23:04:48 2024
JANA >>Thread 0x7ff9874ea640 completed gracefully: Sun Dec  1 23:04:48 2024
JANA >>Thread 0x7ff986ce9640 completed gracefully: Sun Dec  1 23:04:48 2024
JANA >>Thread 0x7ff9864e8640 completed gracefully: Sun Dec  1 23:04:48 2024
JANA >>Merging thread 0 (0x7ff985ce7640) ...
JANA >>Merging thread 1 (0x7ff9874ea640) ...
JANA >>Merging thread 2 (0x7ff986ce9640) ...
JANA >>Merging thread 3 (0x7ff9864e8640) ...

 EVIO Processing rate = 1175.69 Hz
  NDISPATCHER_STALLED =      10421 (94.4%)
      NPARSER_STALLED =       7851 (35.6%)
   NEVENTBUFF_STALLED =      12115 (109.8%)

EVIO Statistics for /cache/halld/RunPeriod-2022-08/recon/ver01/ps/111616/ps_111616_100.evio :
------------------------
    Nblocks: 481
    Nevents: 12976
    Nerrors: 0
Nbad_blocks: 0
Nbad_events: 0

JANA >>Merging event reader thread ...
JANA >> 12976 events processed  (12976 events read) Average rate: 1.9kHz

Closed ROOT file
JANA >>Closing shared object handle 0 ...
