JANA >>OUTPUT_FILENAME: /volatile/halld/home/somov/ver05_lumi/Run110943/ps_110943_120.root
JANA >>Initializing plugin "/work/halld3/home/somov/lumi_skim/Linux_Alma9-x86_64-gcc11.4.1/plugins/lumi_skim.so" ...
Opened ROOT file "/volatile/halld/home/somov/ver05_lumi/Run110943/ps_110943_120.root" ...
 SASCHA -1
/volatile/halld/home/somov/ver05_lumi/Run110943/lumi_ps_110943_120.root
JANA >>Launching threads ....
JANA >>Opening source "/cache/halld/RunPeriod-2022-08/recon/ver01/ps/110943/ps_110943_120.evio" of type: EVIOpp  - Reads EVIO formatted data from file or ET system
loading VERSION 3
No more events


JANA >>Created JCalibration object of type: JCalibrationCCDB
JANA >>Generated via: JCalibration using CCDB for MySQL and SQLite databases
JANA >>Run:110943
JANA >>URL: mysql://ccdb_user@hallddb-farm.jlab.org/ccdb
JANA >>context: variation=default
JANA >>comment: Default constants for analyzing data
JANA >>Creating DGeometry:
JANA >>  Run requested:110943  found:110943
JANA >>  Run validity range: 110943-110943
JANA >>  URL="ccdb:///GEOMETRY/main_HDDS.xml"  context="default"
JANA >>  Type="JGeometryXML"
JANA >>Found 25 material maps in calib. DB
  1.0 events processed  (1.0 events read)  2.0Hz  (avg.: 0.0Hz)     JANA >>Read in 25 material maps for run 110943 containing 76153 grid points total
JANA >>Creating DTranslationTable for run 110943
JANA >>Reading translation table from calib DB: Translation/DAQ2detector ...
  1.0 events processed  (1.0 events read)  0.0Hz  (avg.: 0.0Hz)       1.0 events processed  (1.0 events read)  0.0Hz  (avg.: 0.0Hz)       1.0 events processed  (1.0 events read)  0.0Hz  (avg.: 0.0Hz)       1.0 events processed  (1.0 events read)  0.0Hz  (avg.: 0.0Hz)       1.0 events processed  (1.0 events read)  0.0Hz  (avg.: 0.0Hz)       1.0 events processed  (1.0 events read)  0.0Hz  (avg.: 0.0Hz)       1.0 events processed  (1.0 events read)  0.0Hz  (avg.: 0.0Hz)       1.0 events processed  (1.0 events read)  0.0Hz  (avg.: 0.0Hz)     JANA >>40636 channels defined in translation table
JANA >>In DPSHit_factory, loading constants...
JANA >>In DPSCHit_factory, loading constants...
JANA >>In DTAGHHit_factory, loading constants...
JANA >> Correct Beam Photon Energy (TAGH) = 11.555 (GeV)
JANA >>In DTAGMHit_factory_Calib, loading constants...
JANA >> Correct Beam Photon Energy (TAGM) = 11.555 (GeV)
JANA >>
JANA >> --- Configuration Parameters --
JANA >>[1m LUMI_PRIMEX:DIR = /volatile/halld/home/somov/ver05_lumi/Run110943/lumi_ps_110943_120.root[0m
JANA >>[1m NTHREADS        = 4                                                                      [0m
JANA >>[1m OUTPUT_FILENAME = /volatile/halld/home/somov/ver05_lumi/Run110943/ps_110943_120.root     [0m
JANA >>[1m PLUGINS         = lumi_skim                                                              [0m
JANA >>[1m THREAD_TIMEOUT  = 30 seconds                                                             [0m
JANA >> -------------------------------
  84.0 events processed  (84.0 events read)  166.0Hz  (avg.: 166.0Hz)     JANA >>
JANA >>
JANA >>
JANA >>No more event sources
JANA >>
JANA >>No more event sources
JANA >>No more event sources
JANA >>No more event sources
JANA >>Thread 0x7f97a32ee640 completed gracefully: Tue Nov 26 18:21:22 2024
JANA >>Thread 0x7f97a2aed640 completed gracefully: Tue Nov 26 18:21:22 2024
JANA >>Thread 0x7f97a3aef640 completed gracefully: Tue Nov 26 18:21:22 2024
JANA >>Thread 0x7f97a22ec640 completed gracefully: Tue Nov 26 18:21:22 2024
JANA >>Merging thread 0 (0x7f97a32ee640) ...
JANA >>Merging thread 1 (0x7f97a2aed640) ...
JANA >>Merging thread 2 (0x7f97a3aef640) ...
JANA >>Merging thread 3 (0x7f97a22ec640) ...

 EVIO Processing rate = 20.3782 Hz
  NDISPATCHER_STALLED =         65 ( 1.0%)
      NPARSER_STALLED =          0 ( 0.0%)
   NEVENTBUFF_STALLED =          2 ( 0.0%)

EVIO Statistics for /cache/halld/RunPeriod-2022-08/recon/ver01/ps/110943/ps_110943_120.evio :
------------------------
    Nblocks: 121
    Nevents: 127
    Nerrors: 0
Nbad_blocks: 0
Nbad_events: 0

JANA >>Merging event reader thread ...
JANA >> 127 events processed  (127 events read) Average rate: 126.0Hz

Closed ROOT file
JANA >>Closing shared object handle 0 ...
