JANA >>OUTPUT_FILENAME: /volatile/halld/home/zhikun/ver05_lumi/Run111136/ps_111136_103.root
JANA >>Initializing plugin "/work/halld/home/zhikun/lumi_skim/lumi_skim.so" ...
Opened ROOT file "/volatile/halld/home/zhikun/ver05_lumi/Run111136/ps_111136_103.root" ...
 SASCHA -1
/volatile/halld/home/zhikun/ver05_lumi/Run111136/lumi_ps_111136_103.root
JANA >>Launching threads ....
JANA >>Opening source "/cache/halld/RunPeriod-2022-08/calib/ver01/PS/Run111136/hd_rawdata_111136_103.ps.evio" of type: EVIOpp  - Reads EVIO formatted data from file or ET system
loading VERSION 3


JANA >>Created JCalibration object of type: JCalibrationCCDB
JANA >>Generated via: JCalibration using CCDB for MySQL and SQLite databases
JANA >>Run:111136
JANA >>URL: mysql://ccdb_user@hallddb-farm.jlab.org/ccdb
JANA >>context: variation=default
JANA >>comment: Default constants for analyzing data
  2.0 events processed  (2.0 events read)  4.0Hz  (avg.: 0.0Hz)     JANA >>Creating DGeometry:
JANA >>  Run requested:111136  found:111136
JANA >>  Run validity range: 111136-111136
JANA >>  URL="ccdb:///GEOMETRY/main_HDDS.xml"  context="default"
JANA >>  Type="JGeometryXML"
JANA >>Found 25 material maps in calib. DB
  2.0 events processed  (2.0 events read)  0.0Hz  (avg.: 0.0Hz)     JANA >>Read in 25 material maps for run 111136 containing 76153 grid points total
JANA >>Creating DTranslationTable for run 111136
JANA >>Reading translation table from calib DB: Translation/DAQ2detector ...
  2.0 events processed  (2.0 events read)  0.0Hz  (avg.: 0.0Hz)       2.0 events processed  (2.0 events read)  0.0Hz  (avg.: 0.0Hz)     JANA >>40636 channels defined in translation table
JANA >>In DPSHit_factory, loading constants...
JANA >>In DPSCHit_factory, loading constants...
JANA >>In DTAGHHit_factory, loading constants...
JANA >> Correct Beam Photon Energy (TAGH) = 11.555 (GeV)
JANA >>In DTAGMHit_factory_Calib, loading constants...
JANA >> Correct Beam Photon Energy (TAGM) = 11.555 (GeV)
JANA >>
JANA >> --- Configuration Parameters --
JANA >>[1m LUMI_PRIMEX:DIR                                                = /volatile/halld/home/zhikun/ver05_lumi/Run111136/lumi_ps_111136_103.root[0m
JANA >>[1m NTHREADS                                                       = 4                                                                       [0m
JANA >>[1m OUTPUT_FILENAME                                                = /volatile/halld/home/zhikun/ver05_lumi/Run111136/ps_111136_103.root     [0m
JANA >>[1m PLUGINS                                                        = lumi_skim                                                               [0m
JANA >>[1m[31m[1m[5m Run111136/hd_rawdata_111136_103.ps.evio:SKIP_F250_FORMAT_ERROR = 1                                                                        <-- NO DEFAULT! (TYPO?)[0m[0m
JANA >>[1m THREAD_TIMEOUT                                                 = 30 seconds                                                              [0m
JANA >> -------------------------------
  448.0 events processed  (458.0 events read)  892.0Hz  (avg.: 892.0Hz)       1486.0 events processed  (1486.0 events read)  2.1kHz  (avg.: 1484.0Hz)       2.4k events processed  (2.4k events read)  1.8kHz  (avg.: 1.6kHz)       3.3k events processed  (3.3k events read)  1.8kHz  (avg.: 1.6kHz)       4.2k events processed  (4.2k events read)  1.8kHz  (avg.: 1.7kHz)       5.1k events processed  (5.1k events read)  1.8kHz  (avg.: 1.7kHz)       6.1k events processed  (6.1k events read)  1.8kHz  (avg.: 1.7kHz)       7.0k events processed  (7.0k events read)  1.9kHz  (avg.: 1.7kHz)       7.9k events processed  (7.9k events read)  1.9kHz  (avg.: 1.8kHz)     JANA >> WARNING Df250EmulatorAlgorithm_v3::EmulateFirmware No Df250BORConfig == Using default values  
  8.8k events processed  (8.8k events read)  1.8kHz  (avg.: 1.8kHz)       9.8k events processed  (9.8k events read)  1.9kHz  (avg.: 1.8kHz)       10.7k events processed  (10.7k events read)  1.8kHz  (avg.: 1.8kHz)       11.6k events processed  (11.6k events read)  1.9kHz  (avg.: 1.8kHz)     No more events
JANA >>
JANA >>No more event sources
JANA >>
JANA >>No more event sources
JANA >>
JANA >>No more event sources
JANA >>
JANA >>No more event sources
JANA >>Thread 0x7f17c8be8640 completed gracefully: Wed Nov 27 14:54:26 2024
JANA >>Thread 0x7f17bcd8e640 completed gracefully: Wed Nov 27 14:54:26 2024
JANA >>Thread 0x7f17c9bea640 completed gracefully: Wed Nov 27 14:54:26 2024
JANA >>Thread 0x7f17c93e9640 completed gracefully: Wed Nov 27 14:54:26 2024
JANA >>Merging thread 0 (0x7f17c8be8640) ...
JANA >>Merging thread 1 (0x7f17bcd8e640) ...
JANA >>Merging thread 2 (0x7f17c9bea640) ...
JANA >>Merging thread 3 (0x7f17c93e9640) ...

 EVIO Processing rate = 1266.75 Hz
  NDISPATCHER_STALLED =       8637 (92.8%)
      NPARSER_STALLED =       5517 (29.6%)
   NEVENTBUFF_STALLED =      10484 (112.6%)

EVIO Statistics for /cache/halld/RunPeriod-2022-08/calib/ver01/PS/Run111136/hd_rawdata_111136_103.ps.evio :
------------------------
    Nblocks: 123
    Nevents: 11795
    Nerrors: 0
Nbad_blocks: 0
Nbad_events: 0

JANA >>Merging event reader thread ...
JANA >> 11795 events processed  (11795 events read) Average rate: 1.7kHz

Closed ROOT file
JANA >>Closing shared object handle 0 ...
