JANA >>OUTPUT_FILENAME: /volatile/halld/home/somov/ver05_lumi/Run111747/ps_111747_093.root
JANA >>Initializing plugin "/work/halld3/home/somov/lumi_skim/Linux_Alma9-x86_64-gcc11.4.1/plugins/lumi_skim.so" ...
Opened ROOT file "/volatile/halld/home/somov/ver05_lumi/Run111747/ps_111747_093.root" ...
 SASCHA -1
/volatile/halld/home/somov/ver05_lumi/Run111747/lumi_ps_111747_093.root
JANA >>Launching threads ....
  0.0 events processed  (0.0 events read)  0.0Hz  (avg.: 0.0Hz)     JANA >>Opening source "/cache/halld/RunPeriod-2022-08/recon/ver01/ps/111747/ps_111747_093.evio" of type: EVIOpp  - Reads EVIO formatted data from file or ET system
loading VERSION 3


JANA >>Created JCalibration object of type: JCalibrationCCDB
JANA >>Generated via: JCalibration using CCDB for MySQL and SQLite databases
JANA >>Run:111747
JANA >>URL: mysql://ccdb_user@hallddb-farm.jlab.org/ccdb
JANA >>context: variation=default
JANA >>comment: Default constants for analyzing data
JANA >>Creating DGeometry:
JANA >>  Run requested:111747  found:111747
JANA >>  Run validity range: 111747-111747
JANA >>  URL="ccdb:///GEOMETRY/main_HDDS.xml"  context="default"
JANA >>  Type="JGeometryXML"
JANA >>Found 25 material maps in calib. DB
  2.0 events processed  (2.0 events read)  4.0Hz  (avg.: 0.0Hz)     JANA >>Read in 25 material maps for run 111747 containing 76153 grid points total
JANA >>Creating DTranslationTable for run 111747
JANA >>Reading translation table from calib DB: Translation/DAQ2detector ...
  2.0 events processed  (2.0 events read)  0.0Hz  (avg.: 0.0Hz)       2.0 events processed  (2.0 events read)  0.0Hz  (avg.: 0.0Hz)       2.0 events processed  (2.0 events read)  0.0Hz  (avg.: 0.0Hz)       2.0 events processed  (2.0 events read)  0.0Hz  (avg.: 0.0Hz)       2.0 events processed  (2.0 events read)  0.0Hz  (avg.: 0.0Hz)       2.0 events processed  (2.0 events read)  0.0Hz  (avg.: 0.0Hz)       2.0 events processed  (2.0 events read)  0.0Hz  (avg.: 0.0Hz)       2.0 events processed  (2.0 events read)  0.0Hz  (avg.: 0.0Hz)     JANA >>40636 channels defined in translation table
JANA >>In DPSHit_factory, loading constants...
  2.0 events processed  (2.0 events read)  0.0Hz  (avg.: 0.0Hz)     JANA >>In DPSCHit_factory, loading constants...
JANA >>In DTAGHHit_factory, loading constants...
JANA >>In DTAGMHit_factory_Calib, loading constants...
JANA >> Correct Beam Photon Energy (TAGH) = 11.555 (GeV)
JANA >> Correct Beam Photon Energy (TAGM) = 11.555 (GeV)
JANA >>
JANA >> --- Configuration Parameters --
JANA >>[1m LUMI_PRIMEX:DIR = /volatile/halld/home/somov/ver05_lumi/Run111747/lumi_ps_111747_093.root[0m
JANA >>[1m NTHREADS        = 4                                                                      [0m
JANA >>[1m OUTPUT_FILENAME = /volatile/halld/home/somov/ver05_lumi/Run111747/ps_111747_093.root     [0m
JANA >>[1m PLUGINS         = lumi_skim                                                              [0m
JANA >>[1m THREAD_TIMEOUT  = 30 seconds                                                             [0m
JANA >> -------------------------------
  580.0 events processed  (585.0 events read)  1156.0Hz  (avg.: 1156.0Hz)       1.5k events processed  (1.5k events read)  1.9kHz  (avg.: 1.5kHz)       2.4k events processed  (2.4k events read)  1.8kHz  (avg.: 1.6kHz)       3.4k events processed  (3.4k events read)  1.9kHz  (avg.: 1.7kHz)       4.3k events processed  (4.3k events read)  1.9kHz  (avg.: 1.7kHz)     JANA >> WARNING Df250EmulatorAlgorithm_v3::EmulateFirmware No Df250BORConfig == Using default values  
  5.2k events processed  (5.2k events read)  1.9kHz  (avg.: 1.7kHz)       6.2k events processed  (6.2k events read)  1.9kHz  (avg.: 1.8kHz)     No more events
JANA >>
JANA >>No more event sources
JANA >>
JANA >>
JANA >>No more event sources
JANA >>No more event sources
JANA >>
JANA >>No more event sources
JANA >>Thread 0x7f7d7deed640 completed gracefully: Tue Dec  3 04:14:59 2024
JANA >>Thread 0x7f7d7ceeb640 completed gracefully: Tue Dec  3 04:14:59 2024
JANA >>Thread 0x7f7d7d6ec640 completed gracefully: Tue Dec  3 04:14:59 2024
JANA >>Thread 0x7f7d7e6ee640 completed gracefully: Tue Dec  3 04:14:59 2024
JANA >>Merging thread 0 (0x7f7d7deed640) ...
JANA >>Merging thread 1 (0x7f7d7ceeb640) ...
JANA >>Merging thread 2 (0x7f7d7d6ec640) ...
JANA >>Merging thread 3 (0x7f7d7e6ee640) ...

 EVIO Processing rate = 613.835 Hz
  NDISPATCHER_STALLED =      10670 (93.8%)
      NPARSER_STALLED =      14551 (63.9%)
   NEVENTBUFF_STALLED =       5754 (50.6%)

EVIO Statistics for /cache/halld/RunPeriod-2022-08/recon/ver01/ps/111747/ps_111747_093.evio :
------------------------
    Nblocks: 424
    Nevents: 6985
    Nerrors: 0
Nbad_blocks: 0
Nbad_events: 0

JANA >>Merging event reader thread ...
JANA >> 6985 events processed  (6985 events read) Average rate: 1.7kHz

Closed ROOT file
JANA >>Closing shared object handle 0 ...
