JANA >>OUTPUT_FILENAME: /volatile/halld/home/somov/ver05_lumi/Run111924/ps_111924_017.root
JANA >>Initializing plugin "/work/halld3/home/somov/lumi_skim/Linux_Alma9-x86_64-gcc11.4.1/plugins/lumi_skim.so" ...
Opened ROOT file "/volatile/halld/home/somov/ver05_lumi/Run111924/ps_111924_017.root" ...
 SASCHA -1
/volatile/halld/home/somov/ver05_lumi/Run111924/lumi_ps_111924_017.root
JANA >>Launching threads ....
JANA >>Opening source "/cache/halld/RunPeriod-2022-08/recon/ver01/ps/111924/ps_111924_017.evio" of type: EVIOpp  - Reads EVIO formatted data from file or ET system
loading VERSION 3
  0.0 events processed  (0.0 events read)  0.0Hz  (avg.: 0.0Hz)       0.0 events processed  (0.0 events read)  0.0Hz  (avg.: 0.0Hz)     JANA ERROR>> didn't sleep full 0.5 seconds!
  0.0 events processed  (0.0 events read)  0.0Hz  (avg.: 0.0Hz)     


===========================================================
There was a crash.
This is the entire stack trace of all threads:
===========================================================

Thread 9 (Thread 0x7f361e589640 (LWP 3306591) "hd_root"):
#0  0x00007f3645e8679a in __futex_abstimed_wait_common () from /lib64/libc.so.6
#1  0x00007f3645e89572 in pthread_cond_clockwait
GLIBC_2.30 () from /lib64/libc.so.6
#2  0x00000000012b89a6 in DEVIOWorkerThread::Run() ()
#3  0x00007f36462dbad4 in execute_native_thread_routine () from /lib64/libstdc++.so.6
#4  0x00007f3645e89c02 in start_thread () from /lib64/libc.so.6
#5  0x00007f3645f0ec40 in clone3 () from /lib64/libc.so.6

Thread 8 (Thread 0x7f361ed8a640 (LWP 3306590) "hd_root"):
#0  0x00007f3645e8679a in __futex_abstimed_wait_common () from /lib64/libc.so.6
#1  0x00007f3645e89572 in pthread_cond_clockwait
GLIBC_2.30 () from /lib64/libc.so.6
#2  0x00000000012b89a6 in DEVIOWorkerThread::Run() ()
#3  0x00007f36462dbad4 in execute_native_thread_routine () from /lib64/libstdc++.so.6
#4  0x00007f3645e89c02 in start_thread () from /lib64/libc.so.6
#5  0x00007f3645f0ec40 in clone3 () from /lib64/libc.so.6

Thread 7 (Thread 0x7f362c834640 (LWP 3306589) "hd_root"):
#0  0x00007f3645ed8a3f in wait4 () from /lib64/libc.so.6
#1  0x00007f3645e4b243 in do_system () from /lib64/libc.so.6
#2  0x00007f3648be272c in TUnixSystem::StackTrace() () from /group/halld/Software/builds/Linux_Alma9-x86_64-gcc11.4.1/root/root-6.24.04/lib/libCore.so
#3  0x00007f3648bdfd65 in TUnixSystem::DispatchSignals(ESignals) () from /group/halld/Software/builds/Linux_Alma9-x86_64-gcc11.4.1/root/root-6.24.04/lib/libCore.so
#4  <signal handler called>
#5  0x0000000001289fba in JEventSource_EVIOpp::Dispatcher() ()
#6  0x00007f36462dbad4 in execute_native_thread_routine () from /lib64/libstdc++.so.6
#7  0x00007f3645e89c02 in start_thread () from /lib64/libc.so.6
#8  0x00007f3645f0ec40 in clone3 () from /lib64/libc.so.6

Thread 6 (Thread 0x7f361f58b640 (LWP 3306550) "hd_root"):
#0  0x00007f3645ed4075 in clock_nanosleep
GLIBC_2.2.5 () from /lib64/libc.so.6
#1  0x00007f3645ed8c87 in nanosleep () from /lib64/libc.so.6
#2  0x00007f3645f04b29 in usleep () from /lib64/libc.so.6
#3  0x00000000014ba16a in jana::JApplication::NextEvent (this=0x7ffe479a0830, event=...) at src/JANA/JApplication.cc:614
#4  0x00000000014e53c1 in jana::JEventLoop::OneEvent (this=0x7f3608000b60) at src/JANA/JEventLoop.cc:591
#5  0x00000000014e5494 in jana::JEventLoop::Loop (this=this
entry=0x7f3608000b60) at src/JANA/JEventLoop.cc:496
#6  0x00000000014ba3c5 in LaunchThread (arg=0x7ffe479a0830) at src/JANA/JApplication.cc:1382
#7  0x00007f3645e89c02 in start_thread () from /lib64/libc.so.6
#8  0x00007f3645f0ec40 in clone3 () from /lib64/libc.so.6

Thread 5 (Thread 0x7f361fd8c640 (LWP 3306549) "hd_root"):
#0  0x00007f3645ed4075 in clock_nanosleep
GLIBC_2.2.5 () from /lib64/libc.so.6
#1  0x00007f3645ed8c87 in nanosleep () from /lib64/libc.so.6
#2  0x00007f3645f04b29 in usleep () from /lib64/libc.so.6
#3  0x00000000014ba16a in jana::JApplication::NextEvent (this=0x7ffe479a0830, event=...) at src/JANA/JApplication.cc:614
#4  0x00000000014e53c1 in jana::JEventLoop::OneEvent (this=0x7f3614000b60) at src/JANA/JEventLoop.cc:591
#5  0x00000000014e5494 in jana::JEventLoop::Loop (this=this
entry=0x7f3614000b60) at src/JANA/JEventLoop.cc:496
#6  0x00000000014ba3c5 in LaunchThread (arg=0x7ffe479a0830) at src/JANA/JApplication.cc:1382
#7  0x00007f3645e89c02 in start_thread () from /lib64/libc.so.6
#8  0x00007f3645f0ec40 in clone3 () from /lib64/libc.so.6

Thread 4 (Thread 0x7f362058d640 (LWP 3306548) "hd_root"):
#0  0x00007f3645ed4075 in clock_nanosleep
GLIBC_2.2.5 () from /lib64/libc.so.6
#1  0x00007f3645ed8c87 in nanosleep () from /lib64/libc.so.6
#2  0x00007f3645f04b29 in usleep () from /lib64/libc.so.6
#3  0x00000000014ba16a in jana::JApplication::NextEvent (this=0x7ffe479a0830, event=...) at src/JANA/JApplication.cc:614
#4  0x00000000014e53c1 in jana::JEventLoop::OneEvent (this=0x7f3610000b60) at src/JANA/JEventLoop.cc:591
#5  0x00000000014e5494 in jana::JEventLoop::Loop (this=this
entry=0x7f3610000b60) at src/JANA/JEventLoop.cc:496
#6  0x00000000014ba3c5 in LaunchThread (arg=0x7ffe479a0830) at src/JANA/JApplication.cc:1382
#7  0x00007f3645e89c02 in start_thread () from /lib64/libc.so.6
#8  0x00007f3645f0ec40 in clone3 () from /lib64/libc.so.6

Thread 3 (Thread 0x7f3620d8e640 (LWP 3306547) "hd_root"):
#0  0x00007f3645ed4075 in clock_nanosleep
GLIBC_2.2.5 () from /lib64/libc.so.6
#1  0x00007f3645ed8c87 in nanosleep () from /lib64/libc.so.6
#2  0x00007f3645f04b29 in usleep () from /lib64/libc.so.6
#3  0x00000000014ba16a in jana::JApplication::NextEvent (this=0x7ffe479a0830, event=...) at src/JANA/JApplication.cc:614
#4  0x00000000014e53c1 in jana::JEventLoop::OneEvent (this=0x7f3618000b60) at src/JANA/JEventLoop.cc:591
#5  0x00000000014e5494 in jana::JEventLoop::Loop (this=this
entry=0x7f3618000b60) at src/JANA/JEventLoop.cc:496
#6  0x00000000014ba3c5 in LaunchThread (arg=0x7ffe479a0830) at src/JANA/JApplication.cc:1382
#7  0x00007f3645e89c02 in start_thread () from /lib64/libc.so.6
#8  0x00007f3645f0ec40 in clone3 () from /lib64/libc.so.6

Thread 2 (Thread 0x7f362d035640 (LWP 3306528) "hd_root"):
#0  0x00007f3645e8679a in __futex_abstimed_wait_common () from /lib64/libc.so.6
#1  0x00007f3645e89572 in pthread_cond_clockwait
GLIBC_2.30 () from /lib64/libc.so.6
#2  0x0000000001288c98 in JEventSource_EVIOpp::GetEvent(jana::JEvent&) ()
#3  0x00000000014cd10b in jana::JApplication::ReadEvent (this=0x7ffe479a0830, event=...) at src/JANA/JApplication.cc:824
#4  0x00000000014cce37 in jana::JApplication::EventBufferThread (this=0x7ffe479a0830) at src/JANA/JApplication.cc:753
#5  0x00000000014cd0ea in LaunchEventBufferThread (arg=0x7ffe479a0830) at src/JANA/JApplication.cc:666
#6  0x00007f3645e89c02 in start_thread () from /lib64/libc.so.6
#7  0x00007f3645f0ec40 in clone3 () from /lib64/libc.so.6

Thread 1 (Thread 0x7f3642ca94c0 (LWP 3304949) "hd_root"):
#0  0x00007f3645ed4075 in clock_nanosleep
GLIBC_2.2.5 () from /lib64/libc.so.6
#1  0x00007f3645ed8c87 in nanosleep () from /lib64/libc.so.6
#2  0x00000000014c78ef in jana::JApplication::Run (this=0x7ffe479a0830, proc=<optimized out>, Nthreads=<optimized out>) at src/JANA/JApplication.cc:1613
#3  0x000000000072a48d in main ()
===========================================================


The lines below might hint at the cause of the crash.
You may get help by asking at the ROOT forum https://root.cern.ch/forum
Only if you are really convinced it is a bug in ROOT then please submit a
report at https://root.cern.ch/bugs Please post the ENTIRE stack trace
from above as an attachment in addition to anything else
that might help us fixing this issue.
===========================================================
#5  0x0000000001289fba in JEventSource_EVIOpp::Dispatcher() ()
#6  0x00007f36462dbad4 in execute_native_thread_routine () from /lib64/libstdc++.so.6
#7  0x00007f3645e89c02 in start_thread () from /lib64/libc.so.6
#8  0x00007f3645f0ec40 in clone3 () from /lib64/libc.so.6

===========================================================


JANA ERROR>> didn't sleep full 0.5 seconds!
  0.0 events processed  (0.0 events read)  0.0Hz  (avg.: 0.0Hz)     