JANA >>OUTPUT_FILENAME: /volatile/halld/home/zhikun/ver05_lumi/Run110969/ps_110969_005.root
JANA >>Initializing plugin "/work/halld/home/zhikun/lumi_skim/lumi_skim.so" ...
Opened ROOT file "/volatile/halld/home/zhikun/ver05_lumi/Run110969/ps_110969_005.root" ...
 SASCHA -1
/volatile/halld/home/zhikun/ver05_lumi/Run110969/lumi_ps_110969_005.root
JANA >>Launching threads ....
JANA >>Opening source "/cache/halld/RunPeriod-2022-08/calib/ver01/PS/Run110969/hd_rawdata_110969_005.ps.evio" of type: EVIOpp  - Reads EVIO formatted data from file or ET system
loading VERSION 3


JANA >>Created JCalibration object of type: JCalibrationCCDB
JANA >>Generated via: JCalibration using CCDB for MySQL and SQLite databases
JANA >>Run:110969
JANA >>URL: mysql://ccdb_user@hallddb-farm.jlab.org/ccdb
JANA >>context: variation=default
JANA >>comment: Default constants for analyzing data
  1.0 events processed  (1.0 events read)  2.0Hz  (avg.: 0.0Hz)     JANA >>Creating DGeometry:
JANA >>  Run requested:110969  found:110969
JANA >>  Run validity range: 110969-110969
JANA >>  URL="ccdb:///GEOMETRY/main_HDDS.xml"  context="default"
JANA >>  Type="JGeometryXML"
JANA >>Found 25 material maps in calib. DB
  1.0 events processed  (1.0 events read)  0.0Hz  (avg.: 0.0Hz)     JANA >>Read in 25 material maps for run 110969 containing 76153 grid points total
JANA >>Creating DTranslationTable for run 110969
JANA >>Reading translation table from calib DB: Translation/DAQ2detector ...
  1.0 events processed  (1.0 events read)  0.0Hz  (avg.: 0.0Hz)       1.0 events processed  (1.0 events read)  0.0Hz  (avg.: 0.0Hz)     JANA >>40636 channels defined in translation table
JANA >>In DPSHit_factory, loading constants...
JANA >>In DPSCHit_factory, loading constants...
JANA >>In DTAGHHit_factory, loading constants...
JANA >> Correct Beam Photon Energy (TAGH) = 11.555 (GeV)
JANA >>In DTAGMHit_factory_Calib, loading constants...
JANA >> Correct Beam Photon Energy (TAGM) = 11.555 (GeV)
JANA >>
JANA >> --- Configuration Parameters --
JANA >>[1m LUMI_PRIMEX:DIR                                                = /volatile/halld/home/zhikun/ver05_lumi/Run110969/lumi_ps_110969_005.root[0m
JANA >>[1m NTHREADS                                                       = 4                                                                       [0m
JANA >>[1m OUTPUT_FILENAME                                                = /volatile/halld/home/zhikun/ver05_lumi/Run110969/ps_110969_005.root     [0m
JANA >>[1m PLUGINS                                                        = lumi_skim                                                               [0m
JANA >>[1m[31m[1m[5m Run110969/hd_rawdata_110969_005.ps.evio:SKIP_F250_FORMAT_ERROR = 1                                                                        <-- NO DEFAULT! (TYPO?)[0m[0m
JANA >>[1m THREAD_TIMEOUT                                                 = 30 seconds                                                              [0m
JANA >> -------------------------------
  97.0 events processed  (107.0 events read)  192.0Hz  (avg.: 192.0Hz)     JANA >> WARNING Df250EmulatorAlgorithm_v3::EmulateFirmware No Df250BORConfig == Using default values  
JANA >> WARNING Df250EmulatorAlgorithm_v3::EmulateFirmware No Df250BORConfig == Using default values  
  1123.0 events processed  (1123.0 events read)  2.1kHz  (avg.: 1122.0Hz)       2.0k events processed  (2.0k events read)  1.8kHz  (avg.: 1356.7Hz)       3.0k events processed  (3.0k events read)  1.9kHz  (avg.: 1486.5Hz)       3.9k events processed  (3.9k events read)  1.9kHz  (avg.: 1.6kHz)       4.8k events processed  (4.8k events read)  1.9kHz  (avg.: 1.6kHz)       5.8k events processed  (5.8k events read)  1.9kHz  (avg.: 1.7kHz)       6.7k events processed  (6.7k events read)  1.9kHz  (avg.: 1.7kHz)       7.6k events processed  (7.6k events read)  1.9kHz  (avg.: 1.7kHz)     No more events
JANA >>
JANA >>
JANA >>No more event sources
JANA >>
JANA >>No more event sources
JANA >>No more event sources
JANA >>Thread 0x7f7dddef9640 completed gracefully: Mon Nov 25 22:54:23 2024
JANA >>Thread 0x7f7ddeefb640 completed gracefully: Mon Nov 25 22:54:23 2024
JANA >>Thread 0x7f7dde6fa640 completed gracefully: Mon Nov 25 22:54:23 2024
JANA >>
JANA >>No more event sources
JANA >>Thread 0x7f7ddd6f8640 completed gracefully: Mon Nov 25 22:54:23 2024
JANA >>Merging thread 0 (0x7f7dddef9640) ...
JANA >>Merging thread 1 (0x7f7ddeefb640) ...
JANA >>Merging thread 2 (0x7f7dde6fa640) ...
JANA >>Merging thread 3 (0x7f7ddd6f8640) ...

 EVIO Processing rate = 1088.32 Hz
  NDISPATCHER_STALLED =       7166 (93.9%)
      NPARSER_STALLED =       6161 (40.3%)
   NEVENTBUFF_STALLED =       7093 (92.9%)

EVIO Statistics for /cache/halld/RunPeriod-2022-08/calib/ver01/PS/Run110969/hd_rawdata_110969_005.ps.evio :
------------------------
    Nblocks: 86
    Nevents: 8309
    Nerrors: 0
Nbad_blocks: 0
Nbad_events: 0

JANA >>Merging event reader thread ...
JANA >> 8309 events processed  (8309 events read) Average rate: 1.7kHz

Closed ROOT file
JANA >>Closing shared object handle 0 ...
