JANA >>OUTPUT_FILENAME: /volatile/halld/home/somov/ver05_lumi/Run111601/ps_111601_128.root
JANA >>Initializing plugin "/work/halld3/home/somov/lumi_skim/Linux_Alma9-x86_64-gcc11.4.1/plugins/lumi_skim.so" ...
Opened ROOT file "/volatile/halld/home/somov/ver05_lumi/Run111601/ps_111601_128.root" ...
 SASCHA -1
/volatile/halld/home/somov/ver05_lumi/Run111601/lumi_ps_111601_128.root
JANA >>Launching threads ....
JANA >>Opening source "/cache/halld/RunPeriod-2022-08/recon/ver01/ps/111601/ps_111601_128.evio" of type: EVIOpp  - Reads EVIO formatted data from file or ET system
loading VERSION 3


JANA >>Created JCalibration object of type: JCalibrationCCDB
JANA >>Generated via: JCalibration using CCDB for MySQL and SQLite databases
JANA >>Run:111601
JANA >>URL: mysql://ccdb_user@hallddb-farm.jlab.org/ccdb
JANA >>context: variation=default
JANA >>comment: Default constants for analyzing data
  2.0 events processed  (2.0 events read)  4.0Hz  (avg.: 0.0Hz)     JANA >>Creating DGeometry:
JANA >>  Run requested:111601  found:111601
JANA >>  Run validity range: 111601-111601
JANA >>  URL="ccdb:///GEOMETRY/main_HDDS.xml"  context="default"
JANA >>  Type="JGeometryXML"
JANA >>Found 25 material maps in calib. DB
  2.0 events processed  (2.0 events read)  0.0Hz  (avg.: 0.0Hz)     JANA >>Read in 25 material maps for run 111601 containing 76153 grid points total
JANA >>Creating DTranslationTable for run 111601
JANA >>Reading translation table from calib DB: Translation/DAQ2detector ...
  2.0 events processed  (2.0 events read)  0.0Hz  (avg.: 0.0Hz)       2.0 events processed  (2.0 events read)  0.0Hz  (avg.: 0.0Hz)     JANA >>40636 channels defined in translation table
JANA >>In DPSHit_factory, loading constants...
JANA >>In DPSCHit_factory, loading constants...
JANA >>In DTAGHHit_factory, loading constants...
JANA >> Correct Beam Photon Energy (TAGH) = 11.555 (GeV)
JANA >>In DTAGMHit_factory_Calib, loading constants...
JANA >> Correct Beam Photon Energy (TAGM) = 11.555 (GeV)
JANA >>
JANA >> --- Configuration Parameters --
JANA >>[1m LUMI_PRIMEX:DIR = /volatile/halld/home/somov/ver05_lumi/Run111601/lumi_ps_111601_128.root[0m
JANA >>[1m NTHREADS        = 4                                                                      [0m
JANA >>[1m OUTPUT_FILENAME = /volatile/halld/home/somov/ver05_lumi/Run111601/ps_111601_128.root     [0m
JANA >>[1m PLUGINS         = lumi_skim                                                              [0m
JANA >>[1m THREAD_TIMEOUT  = 30 seconds                                                             [0m
JANA >> -------------------------------
  330.0 events processed  (340.0 events read)  656.0Hz  (avg.: 656.0Hz)       1346.0 events processed  (1346.0 events read)  2.0kHz  (avg.: 1344.0Hz)       2.3k events processed  (2.3k events read)  1.8kHz  (avg.: 1.5kHz)       3.2k events processed  (3.2k events read)  1.9kHz  (avg.: 1.6kHz)       4.1k events processed  (4.1k events read)  1.9kHz  (avg.: 1.7kHz)       5.1k events processed  (5.1k events read)  1.9kHz  (avg.: 1.7kHz)       6.0k events processed  (6.0k events read)  1.9kHz  (avg.: 1.7kHz)       6.9k events processed  (6.9k events read)  1.9kHz  (avg.: 1.7kHz)       7.9k events processed  (7.9k events read)  1.9kHz  (avg.: 1.7kHz)       8.8k events processed  (8.8k events read)  1.9kHz  (avg.: 1.8kHz)       9.7k events processed  (9.7k events read)  1.9kHz  (avg.: 1.8kHz)       10.7k events processed  (10.7k events read)  1.9kHz  (avg.: 1.8kHz)       11.6k events processed  (11.6k events read)  1.9kHz  (avg.: 1.8kHz)       12.5k events processed  (12.5k events read)  1.9kHz  (avg.: 1.8kHz)     No more events
JANA >>
JANA >>
JANA >>
JANA >>No more event sources
JANA >>No more event sources
JANA >>
JANA >>No more event sources
JANA >>No more event sources
JANA >>Thread 0x7f002d347640 completed gracefully: Sun Dec  1 23:59:50 2024
JANA >>Thread 0x7f002db48640 completed gracefully: Sun Dec  1 23:59:50 2024
JANA >>Thread 0x7f002cb46640 completed gracefully: Sun Dec  1 23:59:50 2024
JANA >>Thread 0x7f002e349640 completed gracefully: Sun Dec  1 23:59:50 2024
JANA >>Merging thread 0 (0x7f002d347640) ...
JANA >>Merging thread 1 (0x7f002db48640) ...
JANA >>Merging thread 2 (0x7f002cb46640) ...
JANA >>Merging thread 3 (0x7f002e349640) ...

 EVIO Processing rate = 1355.24 Hz
  NDISPATCHER_STALLED =       9075 (93.4%)
      NPARSER_STALLED =       5113 (26.3%)
   NEVENTBUFF_STALLED =      12936 (133.1%)

EVIO Statistics for /cache/halld/RunPeriod-2022-08/recon/ver01/ps/111601/ps_111601_128.evio :
------------------------
    Nblocks: 490
    Nevents: 13171
    Nerrors: 0
Nbad_blocks: 0
Nbad_events: 0

JANA >>Merging event reader thread ...
JANA >> 13171 events processed  (13171 events read) Average rate: 1.8kHz

Closed ROOT file
JANA >>Closing shared object handle 0 ...
