JANA >>OUTPUT_FILENAME: /volatile/halld/home/zhikun/ver05_lumi/Run110694/ps_110694_133.root
JANA >>Initializing plugin "/work/halld/home/zhikun/lumi_skim/lumi_skim.so" ...
Opened ROOT file "/volatile/halld/home/zhikun/ver05_lumi/Run110694/ps_110694_133.root" ...
 SASCHA -1
/volatile/halld/home/zhikun/ver05_lumi/Run110694/lumi_ps_110694_133.root
JANA >>Launching threads ....
JANA >>Opening source "/cache/halld/RunPeriod-2022-08/calib/ver01/PS/Run110694/hd_rawdata_110694_133.ps.evio" of type: EVIOpp  - Reads EVIO formatted data from file or ET system
loading VERSION 3


JANA >>Created JCalibration object of type: JCalibrationCCDB
JANA >>Generated via: JCalibration using CCDB for MySQL and SQLite databases
JANA >>Run:110694
JANA >>URL: mysql://ccdb_user@hallddb-farm.jlab.org/ccdb
JANA >>context: variation=default
JANA >>comment: Default constants for analyzing data
  1.0 events processed  (1.0 events read)  2.0Hz  (avg.: 0.0Hz)     JANA >>Creating DGeometry:
JANA >>  Run requested:110694  found:110694
JANA >>  Run validity range: 110694-110694
JANA >>  URL="ccdb:///GEOMETRY/main_HDDS.xml"  context="default"
JANA >>  Type="JGeometryXML"
JANA >>Found 25 material maps in calib. DB
  1.0 events processed  (1.0 events read)  0.0Hz  (avg.: 0.0Hz)     JANA >>Read in 25 material maps for run 110694 containing 76153 grid points total
JANA >>Creating DTranslationTable for run 110694
JANA >>Reading translation table from calib DB: Translation/DAQ2detector ...
  1.0 events processed  (1.0 events read)  0.0Hz  (avg.: 0.0Hz)       1.0 events processed  (1.0 events read)  0.0Hz  (avg.: 0.0Hz)       1.0 events processed  (1.0 events read)  0.0Hz  (avg.: 0.0Hz)       1.0 events processed  (1.0 events read)  0.0Hz  (avg.: 0.0Hz)     JANA >>40636 channels defined in translation table
JANA >>In DPSHit_factory, loading constants...
JANA >>In DPSCHit_factory, loading constants...
JANA >>In DTAGHHit_factory, loading constants...
JANA >> Correct Beam Photon Energy (TAGH) = 11.555 (GeV)
JANA >>In DTAGMHit_factory_Calib, loading constants...
JANA >> Correct Beam Photon Energy (TAGM) = 11.555 (GeV)
JANA >>
JANA >> --- Configuration Parameters --
JANA >>[1m LUMI_PRIMEX:DIR                                                = /volatile/halld/home/zhikun/ver05_lumi/Run110694/lumi_ps_110694_133.root[0m
JANA >>[1m NTHREADS                                                       = 4                                                                       [0m
JANA >>[1m OUTPUT_FILENAME                                                = /volatile/halld/home/zhikun/ver05_lumi/Run110694/ps_110694_133.root     [0m
JANA >>[1m PLUGINS                                                        = lumi_skim                                                               [0m
JANA >>[1m[31m[1m[5m Run110694/hd_rawdata_110694_133.ps.evio:SKIP_F250_FORMAT_ERROR = 1                                                                        <-- NO DEFAULT! (TYPO?)[0m[0m
JANA >>[1m THREAD_TIMEOUT                                                 = 30 seconds                                                              [0m
JANA >> -------------------------------
  400.0 events processed  (410.0 events read)  798.0Hz  (avg.: 798.0Hz)       1400.0 events processed  (1400.0 events read)  2.0kHz  (avg.: 1399.0Hz)       2.3k events processed  (2.3k events read)  1.9kHz  (avg.: 1.6kHz)       3.3k events processed  (3.3k events read)  1.9kHz  (avg.: 1.6kHz)       4.2k events processed  (4.2k events read)  1.9kHz  (avg.: 1.7kHz)       5.2k events processed  (5.2k events read)  1.9kHz  (avg.: 1.7kHz)       6.1k events processed  (6.1k events read)  1.9kHz  (avg.: 1.7kHz)     No more events
JANA >>
JANA >>
JANA >>No more event sources
JANA >>No more event sources
JANA >>
JANA >>No more event sources
JANA >>
JANA >>No more event sources
JANA >>Thread 0x7fede54b2640 completed gracefully: Fri Jan 10 16:08:01 2025
JANA >>Thread 0x7fede5cb3640 completed gracefully: Fri Jan 10 16:08:01 2025
JANA >>Thread 0x7fede6cb5640 completed gracefully: Fri Jan 10 16:08:01 2025
JANA >>Thread 0x7fede64b4640 completed gracefully: Fri Jan 10 16:08:01 2025
JANA >>Merging thread 0 (0x7fede54b2640) ...
JANA >>Merging thread 1 (0x7fede5cb3640) ...
JANA >>Merging thread 2 (0x7fede6cb5640) ...
JANA >>Merging thread 3 (0x7fede64b4640) ...

 EVIO Processing rate = 864.646 Hz
  NDISPATCHER_STALLED =       7126 (94.4%)
      NPARSER_STALLED =       7911 (52.4%)
   NEVENTBUFF_STALLED =       5871 (77.7%)

EVIO Statistics for /cache/halld/RunPeriod-2022-08/calib/ver01/PS/Run110694/hd_rawdata_110694_133.ps.evio :
------------------------
    Nblocks: 66
    Nevents: 6530
    Nerrors: 0
Nbad_blocks: 0
Nbad_events: 0

JANA >>Merging event reader thread ...
JANA >> 6530 events processed  (6530 events read) Average rate: 1.6kHz

Closed ROOT file
JANA >>Closing shared object handle 0 ...
