JANA >>OUTPUT_FILENAME: /volatile/halld/home/somov/ver05_lumi/Run111101/ps_111101_020.root
JANA >>Initializing plugin "/work/halld3/home/somov/lumi_skim/Linux_Alma9-x86_64-gcc11.4.1/plugins/lumi_skim.so" ...
Opened ROOT file "/volatile/halld/home/somov/ver05_lumi/Run111101/ps_111101_020.root" ...
 SASCHA -1
/volatile/halld/home/somov/ver05_lumi/Run111101/lumi_ps_111101_020.root
JANA >>Opening source "/cache/halld/RunPeriod-2022-08/recon/ver01/ps/111101/ps_111101_020.evio" of type: EVIOpp  - Reads EVIO formatted data from file or ET system
loading VERSION 3
JANA >>Launching threads ....
No more events


JANA >>Created JCalibration object of type: JCalibrationCCDB
JANA >>Generated via: JCalibration using CCDB for MySQL and SQLite databases
JANA >>Run:111101
JANA >>URL: mysql://ccdb_user@hallddb-farm.jlab.org/ccdb
JANA >>context: variation=default
JANA >>comment: Default constants for analyzing data
JANA >>Creating DGeometry:
JANA >>  Run requested:111101  found:111101
JANA >>  Run validity range: 111101-111101
JANA >>  URL="ccdb:///GEOMETRY/main_HDDS.xml"  context="default"
JANA >>  Type="JGeometryXML"
JANA >>Found 25 material maps in calib. DB
  1.0 events processed  (1.0 events read)  2.0Hz  (avg.: 0.0Hz)     JANA >>Read in 25 material maps for run 111101 containing 76153 grid points total
JANA >>Creating DTranslationTable for run 111101
JANA >>Reading translation table from calib DB: Translation/DAQ2detector ...
  1.0 events processed  (1.0 events read)  0.0Hz  (avg.: 0.0Hz)       1.0 events processed  (1.0 events read)  0.0Hz  (avg.: 0.0Hz)       1.0 events processed  (1.0 events read)  0.0Hz  (avg.: 0.0Hz)     JANA >>40636 channels defined in translation table
JANA >>In DPSHit_factory, loading constants...
JANA >>In DPSCHit_factory, loading constants...
JANA >>In DTAGHHit_factory, loading constants...
JANA >> Correct Beam Photon Energy (TAGH) = 11.555 (GeV)
JANA >>In DTAGMHit_factory_Calib, loading constants...
  1.0 events processed  (1.0 events read)  0.0Hz  (avg.: 0.0Hz)       1.0 events processed  (1.0 events read)  0.0Hz  (avg.: 0.0Hz)       1.0 events processed  (1.0 events read)  0.0Hz  (avg.: 0.0Hz)       1.0 events processed  (1.0 events read)  0.0Hz  (avg.: 0.0Hz)       1.0 events processed  (1.0 events read)  0.0Hz  (avg.: 0.0Hz)       1.0 events processed  (1.0 events read)  0.0Hz  (avg.: 0.0Hz)       1.0 events processed  (1.0 events read)  0.0Hz  (avg.: 0.0Hz)       1.0 events processed  (1.0 events read)  0.0Hz  (avg.: 0.0Hz)       1.0 events processed  (1.0 events read)  0.0Hz  (avg.: 0.0Hz)     JANA >> Correct Beam Photon Energy (TAGM) = 11.555 (GeV)
JANA >>
JANA >> --- Configuration Parameters --
JANA >>[1m LUMI_PRIMEX:DIR = /volatile/halld/home/somov/ver05_lumi/Run111101/lumi_ps_111101_020.root[0m
JANA >>[1m NTHREADS        = 4                                                                      [0m
JANA >>[1m OUTPUT_FILENAME = /volatile/halld/home/somov/ver05_lumi/Run111101/ps_111101_020.root     [0m
JANA >>[1m PLUGINS         = lumi_skim                                                              [0m
JANA >>[1m THREAD_TIMEOUT  = 30 seconds                                                             [0m
JANA >> -------------------------------
  9.0 events processed  (9.0 events read)  16.0Hz  (avg.: 16.0Hz)     JANA >>
JANA >>No more event sources
JANA >>
JANA >>
JANA >>No more event sources
JANA >>
JANA >>No more event sources
JANA >>No more event sources
JANA >>Thread 0x7ff9a5ffb640 completed gracefully: Wed Nov 27 18:27:34 2024
JANA >>Thread 0x7ff9a6ffd640 completed gracefully: Wed Nov 27 18:27:34 2024
JANA >>Thread 0x7ff9a67fc640 completed gracefully: Wed Nov 27 18:27:34 2024
JANA >>Thread 0x7ff9a57fa640 completed gracefully: Wed Nov 27 18:27:34 2024
JANA >>Merging thread 0 (0x7ff9a5ffb640) ...
JANA >>Merging thread 1 (0x7ff9a6ffd640) ...
JANA >>Merging thread 2 (0x7ff9a67fc640) ...
JANA >>Merging thread 3 (0x7ff9a57fa640) ...

 EVIO Processing rate = 12.3193 Hz
  NDISPATCHER_STALLED =         55 ( 0.6%)
      NPARSER_STALLED =          0 ( 0.0%)
   NEVENTBUFF_STALLED =          3 ( 0.0%)

EVIO Statistics for /cache/halld/RunPeriod-2022-08/recon/ver01/ps/111101/ps_111101_020.evio :
------------------------
    Nblocks: 100
    Nevents: 105
    Nerrors: 0
Nbad_blocks: 0
Nbad_events: 0

JANA >>Merging event reader thread ...
JANA >> 105 events processed  (105 events read) Average rate: 104.0Hz

Closed ROOT file
JANA >>Closing shared object handle 0 ...
